[2022-01-21 13:18:43] local.ERROR: SQLSTATE[HY000]: General error: 1215 Cannot add foreign key constraint (SQL: alter table `nakit` add constraint `nakit_polid_foreign` foreign key (`polId`) references `pol` (`id`)) {"exception":"[object] (Illuminate\\Database\\QueryException(code: HY000): SQLSTATE[HY000]: General error: 1215 Cannot add foreign key constraint (SQL: alter table `nakit` add constraint `nakit_polid_foreign` foreign key (`polId`) references `pol` (`id`)) at /Users/miroslavjovanovic/Workplace/Projekti/nakitLaravel/vendor/laravel/framework/src/Illuminate/Database/Connection.php:712)
[stacktrace]
#0 /Users/miroslavjovanovic/Workplace/Projekti/nakitLaravel/vendor/laravel/framework/src/Illuminate/Database/Connection.php(672): Illuminate\\Database\\Connection->runQueryCallback('alter table `na...', Array, Object(Closure))
#1 /Users/miroslavjovanovic/Workplace/Projekti/nakitLaravel/vendor/laravel/framework/src/Illuminate/Database/Connection.php(502): Illuminate\\Database\\Connection->run('alter table `na...', Array, Object(Closure))
#2 /Users/miroslavjovanovic/Workplace/Projekti/nakitLaravel/vendor/laravel/framework/src/Illuminate/Database/Schema/Blueprint.php(109): Illuminate\\Database\\Connection->statement('alter table `na...')
#3 /Users/miroslavjovanovic/Workplace/Projekti/nakitLaravel/vendor/laravel/framework/src/Illuminate/Database/Schema/Builder.php(364): Illuminate\\Database\\Schema\\Blueprint->build(Object(Illuminate\\Database\\MySqlConnection), Object(Illuminate\\Database\\Schema\\Grammars\\MySqlGrammar))
#4 /Users/miroslavjovanovic/Workplace/Projekti/nakitLaravel/vendor/laravel/framework/src/Illuminate/Database/Schema/Builder.php(211): Illuminate\\Database\\Schema\\Builder->build(Object(Illuminate\\Database\\Schema\\Blueprint))
#5 /Users/miroslavjovanovic/Workplace/Projekti/nakitLaravel/vendor/laravel/framework/src/Illuminate/Support/Facades/Facade.php(261): Illuminate\\Database\\Schema\\Builder->table('nakit', Object(Closure))
#6 /Users/miroslavjovanovic/Workplace/Projekti/nakitLaravel/database/migrations/2022_01_21_131504_dodaj_spoljne_kljuceve.php(20): Illuminate\\Support\\Facades\\Facade::__callStatic('table', Array)
#7 /Users/miroslavjovanovic/Workplace/Projekti/nakitLaravel/vendor/laravel/framework/src/Illuminate/Database/Migrations/Migrator.php(394): DodajSpoljneKljuceve->up()
#8 /Users/miroslavjovanovic/Workplace/Projekti/nakitLaravel/vendor/laravel/framework/src/Illuminate/Database/Migrations/Migrator.php(403): Illuminate\\Database\\Migrations\\Migrator->Illuminate\\Database\\Migrations\\{closure}()
#9 /Users/miroslavjovanovic/Workplace/Projekti/nakitLaravel/vendor/laravel/framework/src/Illuminate/Database/Migrations/Migrator.php(202): Illuminate\\Database\\Migrations\\Migrator->runMigration(Object(DodajSpoljneKljuceve), 'up')
#10 /Users/miroslavjovanovic/Workplace/Projekti/nakitLaravel/vendor/laravel/framework/src/Illuminate/Database/Migrations/Migrator.php(167): Illuminate\\Database\\Migrations\\Migrator->runUp('/Users/miroslav...', 1, false)
#11 /Users/miroslavjovanovic/Workplace/Projekti/nakitLaravel/vendor/laravel/framework/src/Illuminate/Database/Migrations/Migrator.php(112): Illuminate\\Database\\Migrations\\Migrator->runPending(Array, Array)
#12 /Users/miroslavjovanovic/Workplace/Projekti/nakitLaravel/vendor/laravel/framework/src/Illuminate/Database/Console/Migrations/MigrateCommand.php(85): Illuminate\\Database\\Migrations\\Migrator->run(Array, Array)
#13 /Users/miroslavjovanovic/Workplace/Projekti/nakitLaravel/vendor/laravel/framework/src/Illuminate/Database/Migrations/Migrator.php(585): Illuminate\\Database\\Console\\Migrations\\MigrateCommand->Illuminate\\Database\\Console\\Migrations\\{closure}()
#14 /Users/miroslavjovanovic/Workplace/Projekti/nakitLaravel/vendor/laravel/framework/src/Illuminate/Database/Console/Migrations/MigrateCommand.php(94): Illuminate\\Database\\Migrations\\Migrator->usingConnection(NULL, Object(Closure))
#15 /Users/miroslavjovanovic/Workplace/Projekti/nakitLaravel/vendor/laravel/framework/src/Illuminate/Container/BoundMethod.php(36): Illuminate\\Database\\Console\\Migrations\\MigrateCommand->handle()
#16 /Users/miroslavjovanovic/Workplace/Projekti/nakitLaravel/vendor/laravel/framework/src/Illuminate/Container/Util.php(40): Illuminate\\Container\\BoundMethod::Illuminate\\Container\\{closure}()
#17 /Users/miroslavjovanovic/Workplace/Projekti/nakitLaravel/vendor/laravel/framework/src/Illuminate/Container/BoundMethod.php(93): Illuminate\\Container\\Util::unwrapIfClosure(Object(Closure))
#18 /Users/miroslavjovanovic/Workplace/Projekti/nakitLaravel/vendor/laravel/framework/src/Illuminate/Container/BoundMethod.php(37): Illuminate\\Container\\BoundMethod::callBoundMethod(Object(Illuminate\\Foundation\\Application), Array, Object(Closure))
#19 /Users/miroslavjovanovic/Workplace/Projekti/nakitLaravel/vendor/laravel/framework/src/Illuminate/Container/Container.php(653): Illuminate\\Container\\BoundMethod::call(Object(Illuminate\\Foundation\\Application), Array, Array, NULL)
#20 /Users/miroslavjovanovic/Workplace/Projekti/nakitLaravel/vendor/laravel/framework/src/Illuminate/Console/Command.php(136): Illuminate\\Container\\Container->call(Array)
#21 /Users/miroslavjovanovic/Workplace/Projekti/nakitLaravel/vendor/symfony/console/Command/Command.php(298): Illuminate\\Console\\Command->execute(Object(Symfony\\Component\\Console\\Input\\ArgvInput), Object(Illuminate\\Console\\OutputStyle))
#22 /Users/miroslavjovanovic/Workplace/Projekti/nakitLaravel/vendor/laravel/framework/src/Illuminate/Console/Command.php(121): Symfony\\Component\\Console\\Command\\Command->run(Object(Symfony\\Component\\Console\\Input\\ArgvInput), Object(Illuminate\\Console\\OutputStyle))
#23 /Users/miroslavjovanovic/Workplace/Projekti/nakitLaravel/vendor/symfony/console/Application.php(1005): Illuminate\\Console\\Command->run(Object(Symfony\\Component\\Console\\Input\\ArgvInput), Object(Symfony\\Component\\Console\\Output\\ConsoleOutput))
#24 /Users/miroslavjovanovic/Workplace/Projekti/nakitLaravel/vendor/symfony/console/Application.php(299): Symfony\\Component\\Console\\Application->doRunCommand(Object(Illuminate\\Database\\Console\\Migrations\\MigrateCommand), Object(Symfony\\Component\\Console\\Input\\ArgvInput), Object(Symfony\\Component\\Console\\Output\\ConsoleOutput))
#25 /Users/miroslavjovanovic/Workplace/Projekti/nakitLaravel/vendor/symfony/console/Application.php(171): Symfony\\Component\\Console\\Application->doRun(Object(Symfony\\Component\\Console\\Input\\ArgvInput), Object(Symfony\\Component\\Console\\Output\\ConsoleOutput))
#26 /Users/miroslavjovanovic/Workplace/Projekti/nakitLaravel/vendor/laravel/framework/src/Illuminate/Console/Application.php(94): Symfony\\Component\\Console\\Application->run(Object(Symfony\\Component\\Console\\Input\\ArgvInput), Object(Symfony\\Component\\Console\\Output\\ConsoleOutput))
#27 /Users/miroslavjovanovic/Workplace/Projekti/nakitLaravel/vendor/laravel/framework/src/Illuminate/Foundation/Console/Kernel.php(129): Illuminate\\Console\\Application->run(Object(Symfony\\Component\\Console\\Input\\ArgvInput), Object(Symfony\\Component\\Console\\Output\\ConsoleOutput))
#28 /Users/miroslavjovanovic/Workplace/Projekti/nakitLaravel/artisan(37): Illuminate\\Foundation\\Console\\Kernel->handle(Object(Symfony\\Component\\Console\\Input\\ArgvInput), Object(Symfony\\Component\\Console\\Output\\ConsoleOutput))
#29 {main}

[previous exception] [object] (PDOException(code: HY000): SQLSTATE[HY000]: General error: 1215 Cannot add foreign key constraint at /Users/miroslavjovanovic/Workplace/Projekti/nakitLaravel/vendor/laravel/framework/src/Illuminate/Database/Connection.php:501)
[stacktrace]
#0 /Users/miroslavjovanovic/Workplace/Projekti/nakitLaravel/vendor/laravel/framework/src/Illuminate/Database/Connection.php(501): PDOStatement->execute()
#1 /Users/miroslavjovanovic/Workplace/Projekti/nakitLaravel/vendor/laravel/framework/src/Illuminate/Database/Connection.php(705): Illuminate\\Database\\Connection->Illuminate\\Database\\{closure}('alter table `na...', Array)
#2 /Users/miroslavjovanovic/Workplace/Projekti/nakitLaravel/vendor/laravel/framework/src/Illuminate/Database/Connection.php(672): Illuminate\\Database\\Connection->runQueryCallback('alter table `na...', Array, Object(Closure))
#3 /Users/miroslavjovanovic/Workplace/Projekti/nakitLaravel/vendor/laravel/framework/src/Illuminate/Database/Connection.php(502): Illuminate\\Database\\Connection->run('alter table `na...', Array, Object(Closure))
#4 /Users/miroslavjovanovic/Workplace/Projekti/nakitLaravel/vendor/laravel/framework/src/Illuminate/Database/Schema/Blueprint.php(109): Illuminate\\Database\\Connection->statement('alter table `na...')
#5 /Users/miroslavjovanovic/Workplace/Projekti/nakitLaravel/vendor/laravel/framework/src/Illuminate/Database/Schema/Builder.php(364): Illuminate\\Database\\Schema\\Blueprint->build(Object(Illuminate\\Database\\MySqlConnection), Object(Illuminate\\Database\\Schema\\Grammars\\MySqlGrammar))
#6 /Users/miroslavjovanovic/Workplace/Projekti/nakitLaravel/vendor/laravel/framework/src/Illuminate/Database/Schema/Builder.php(211): Illuminate\\Database\\Schema\\Builder->build(Object(Illuminate\\Database\\Schema\\Blueprint))
#7 /Users/miroslavjovanovic/Workplace/Projekti/nakitLaravel/vendor/laravel/framework/src/Illuminate/Support/Facades/Facade.php(261): Illuminate\\Database\\Schema\\Builder->table('nakit', Object(Closure))
#8 /Users/miroslavjovanovic/Workplace/Projekti/nakitLaravel/database/migrations/2022_01_21_131504_dodaj_spoljne_kljuceve.php(20): Illuminate\\Support\\Facades\\Facade::__callStatic('table', Array)
#9 /Users/miroslavjovanovic/Workplace/Projekti/nakitLaravel/vendor/laravel/framework/src/Illuminate/Database/Migrations/Migrator.php(394): DodajSpoljneKljuceve->up()
#10 /Users/miroslavjovanovic/Workplace/Projekti/nakitLaravel/vendor/laravel/framework/src/Illuminate/Database/Migrations/Migrator.php(403): Illuminate\\Database\\Migrations\\Migrator->Illuminate\\Database\\Migrations\\{closure}()
#11 /Users/miroslavjovanovic/Workplace/Projekti/nakitLaravel/vendor/laravel/framework/src/Illuminate/Database/Migrations/Migrator.php(202): Illuminate\\Database\\Migrations\\Migrator->runMigration(Object(DodajSpoljneKljuceve), 'up')
#12 /Users/miroslavjovanovic/Workplace/Projekti/nakitLaravel/vendor/laravel/framework/src/Illuminate/Database/Migrations/Migrator.php(167): Illuminate\\Database\\Migrations\\Migrator->runUp('/Users/miroslav...', 1, false)
#13 /Users/miroslavjovanovic/Workplace/Projekti/nakitLaravel/vendor/laravel/framework/src/Illuminate/Database/Migrations/Migrator.php(112): Illuminate\\Database\\Migrations\\Migrator->runPending(Array, Array)
#14 /Users/miroslavjovanovic/Workplace/Projekti/nakitLaravel/vendor/laravel/framework/src/Illuminate/Database/Console/Migrations/MigrateCommand.php(85): Illuminate\\Database\\Migrations\\Migrator->run(Array, Array)
#15 /Users/miroslavjovanovic/Workplace/Projekti/nakitLaravel/vendor/laravel/framework/src/Illuminate/Database/Migrations/Migrator.php(585): Illuminate\\Database\\Console\\Migrations\\MigrateCommand->Illuminate\\Database\\Console\\Migrations\\{closure}()
#16 /Users/miroslavjovanovic/Workplace/Projekti/nakitLaravel/vendor/laravel/framework/src/Illuminate/Database/Console/Migrations/MigrateCommand.php(94): Illuminate\\Database\\Migrations\\Migrator->usingConnection(NULL, Object(Closure))
#17 /Users/miroslavjovanovic/Workplace/Projekti/nakitLaravel/vendor/laravel/framework/src/Illuminate/Container/BoundMethod.php(36): Illuminate\\Database\\Console\\Migrations\\MigrateCommand->handle()
#18 /Users/miroslavjovanovic/Workplace/Projekti/nakitLaravel/vendor/laravel/framework/src/Illuminate/Container/Util.php(40): Illuminate\\Container\\BoundMethod::Illuminate\\Container\\{closure}()
#19 /Users/miroslavjovanovic/Workplace/Projekti/nakitLaravel/vendor/laravel/framework/src/Illuminate/Container/BoundMethod.php(93): Illuminate\\Container\\Util::unwrapIfClosure(Object(Closure))
#20 /Users/miroslavjovanovic/Workplace/Projekti/nakitLaravel/vendor/laravel/framework/src/Illuminate/Container/BoundMethod.php(37): Illuminate\\Container\\BoundMethod::callBoundMethod(Object(Illuminate\\Foundation\\Application), Array, Object(Closure))
#21 /Users/miroslavjovanovic/Workplace/Projekti/nakitLaravel/vendor/laravel/framework/src/Illuminate/Container/Container.php(653): Illuminate\\Container\\BoundMethod::call(Object(Illuminate\\Foundation\\Application), Array, Array, NULL)
#22 /Users/miroslavjovanovic/Workplace/Projekti/nakitLaravel/vendor/laravel/framework/src/Illuminate/Console/Command.php(136): Illuminate\\Container\\Container->call(Array)
#23 /Users/miroslavjovanovic/Workplace/Projekti/nakitLaravel/vendor/symfony/console/Command/Command.php(298): Illuminate\\Console\\Command->execute(Object(Symfony\\Component\\Console\\Input\\ArgvInput), Object(Illuminate\\Console\\OutputStyle))
#24 /Users/miroslavjovanovic/Workplace/Projekti/nakitLaravel/vendor/laravel/framework/src/Illuminate/Console/Command.php(121): Symfony\\Component\\Console\\Command\\Command->run(Object(Symfony\\Component\\Console\\Input\\ArgvInput), Object(Illuminate\\Console\\OutputStyle))
#25 /Users/miroslavjovanovic/Workplace/Projekti/nakitLaravel/vendor/symfony/console/Application.php(1005): Illuminate\\Console\\Command->run(Object(Symfony\\Component\\Console\\Input\\ArgvInput), Object(Symfony\\Component\\Console\\Output\\ConsoleOutput))
#26 /Users/miroslavjovanovic/Workplace/Projekti/nakitLaravel/vendor/symfony/console/Application.php(299): Symfony\\Component\\Console\\Application->doRunCommand(Object(Illuminate\\Database\\Console\\Migrations\\MigrateCommand), Object(Symfony\\Component\\Console\\Input\\ArgvInput), Object(Symfony\\Component\\Console\\Output\\ConsoleOutput))
#27 /Users/miroslavjovanovic/Workplace/Projekti/nakitLaravel/vendor/symfony/console/Application.php(171): Symfony\\Component\\Console\\Application->doRun(Object(Symfony\\Component\\Console\\Input\\ArgvInput), Object(Symfony\\Component\\Console\\Output\\ConsoleOutput))
#28 /Users/miroslavjovanovic/Workplace/Projekti/nakitLaravel/vendor/laravel/framework/src/Illuminate/Console/Application.php(94): Symfony\\Component\\Console\\Application->run(Object(Symfony\\Component\\Console\\Input\\ArgvInput), Object(Symfony\\Component\\Console\\Output\\ConsoleOutput))
#29 /Users/miroslavjovanovic/Workplace/Projekti/nakitLaravel/vendor/laravel/framework/src/Illuminate/Foundation/Console/Kernel.php(129): Illuminate\\Console\\Application->run(Object(Symfony\\Component\\Console\\Input\\ArgvInput), Object(Symfony\\Component\\Console\\Output\\ConsoleOutput))
#30 /Users/miroslavjovanovic/Workplace/Projekti/nakitLaravel/artisan(37): Illuminate\\Foundation\\Console\\Kernel->handle(Object(Symfony\\Component\\Console\\Input\\ArgvInput), Object(Symfony\\Component\\Console\\Output\\ConsoleOutput))
#31 {main}
"} 
[2022-01-21 13:19:53] local.ERROR: SQLSTATE[HY000]: General error: 1215 Cannot add foreign key constraint (SQL: alter table `nakit` add constraint `nakit_polid_foreign` foreign key (`polId`) references `pol` (`id`)) {"exception":"[object] (Illuminate\\Database\\QueryException(code: HY000): SQLSTATE[HY000]: General error: 1215 Cannot add foreign key constraint (SQL: alter table `nakit` add constraint `nakit_polid_foreign` foreign key (`polId`) references `pol` (`id`)) at /Users/miroslavjovanovic/Workplace/Projekti/nakitLaravel/vendor/laravel/framework/src/Illuminate/Database/Connection.php:712)
[stacktrace]
#0 /Users/miroslavjovanovic/Workplace/Projekti/nakitLaravel/vendor/laravel/framework/src/Illuminate/Database/Connection.php(672): Illuminate\\Database\\Connection->runQueryCallback('alter table `na...', Array, Object(Closure))
#1 /Users/miroslavjovanovic/Workplace/Projekti/nakitLaravel/vendor/laravel/framework/src/Illuminate/Database/Connection.php(502): Illuminate\\Database\\Connection->run('alter table `na...', Array, Object(Closure))
#2 /Users/miroslavjovanovic/Workplace/Projekti/nakitLaravel/vendor/laravel/framework/src/Illuminate/Database/Schema/Blueprint.php(109): Illuminate\\Database\\Connection->statement('alter table `na...')
#3 /Users/miroslavjovanovic/Workplace/Projekti/nakitLaravel/vendor/laravel/framework/src/Illuminate/Database/Schema/Builder.php(364): Illuminate\\Database\\Schema\\Blueprint->build(Object(Illuminate\\Database\\MySqlConnection), Object(Illuminate\\Database\\Schema\\Grammars\\MySqlGrammar))
#4 /Users/miroslavjovanovic/Workplace/Projekti/nakitLaravel/vendor/laravel/framework/src/Illuminate/Database/Schema/Builder.php(211): Illuminate\\Database\\Schema\\Builder->build(Object(Illuminate\\Database\\Schema\\Blueprint))
#5 /Users/miroslavjovanovic/Workplace/Projekti/nakitLaravel/vendor/laravel/framework/src/Illuminate/Support/Facades/Facade.php(261): Illuminate\\Database\\Schema\\Builder->table('nakit', Object(Closure))
#6 /Users/miroslavjovanovic/Workplace/Projekti/nakitLaravel/database/migrations/2022_01_21_131504_dodaj_spoljne_kljuceve.php(20): Illuminate\\Support\\Facades\\Facade::__callStatic('table', Array)
#7 /Users/miroslavjovanovic/Workplace/Projekti/nakitLaravel/vendor/laravel/framework/src/Illuminate/Database/Migrations/Migrator.php(394): DodajSpoljneKljuceve->up()
#8 /Users/miroslavjovanovic/Workplace/Projekti/nakitLaravel/vendor/laravel/framework/src/Illuminate/Database/Migrations/Migrator.php(403): Illuminate\\Database\\Migrations\\Migrator->Illuminate\\Database\\Migrations\\{closure}()
#9 /Users/miroslavjovanovic/Workplace/Projekti/nakitLaravel/vendor/laravel/framework/src/Illuminate/Database/Migrations/Migrator.php(202): Illuminate\\Database\\Migrations\\Migrator->runMigration(Object(DodajSpoljneKljuceve), 'up')
#10 /Users/miroslavjovanovic/Workplace/Projekti/nakitLaravel/vendor/laravel/framework/src/Illuminate/Database/Migrations/Migrator.php(167): Illuminate\\Database\\Migrations\\Migrator->runUp('/Users/miroslav...', 2, false)
#11 /Users/miroslavjovanovic/Workplace/Projekti/nakitLaravel/vendor/laravel/framework/src/Illuminate/Database/Migrations/Migrator.php(112): Illuminate\\Database\\Migrations\\Migrator->runPending(Array, Array)
#12 /Users/miroslavjovanovic/Workplace/Projekti/nakitLaravel/vendor/laravel/framework/src/Illuminate/Database/Console/Migrations/MigrateCommand.php(85): Illuminate\\Database\\Migrations\\Migrator->run(Array, Array)
#13 /Users/miroslavjovanovic/Workplace/Projekti/nakitLaravel/vendor/laravel/framework/src/Illuminate/Database/Migrations/Migrator.php(585): Illuminate\\Database\\Console\\Migrations\\MigrateCommand->Illuminate\\Database\\Console\\Migrations\\{closure}()
#14 /Users/miroslavjovanovic/Workplace/Projekti/nakitLaravel/vendor/laravel/framework/src/Illuminate/Database/Console/Migrations/MigrateCommand.php(94): Illuminate\\Database\\Migrations\\Migrator->usingConnection(NULL, Object(Closure))
#15 /Users/miroslavjovanovic/Workplace/Projekti/nakitLaravel/vendor/laravel/framework/src/Illuminate/Container/BoundMethod.php(36): Illuminate\\Database\\Console\\Migrations\\MigrateCommand->handle()
#16 /Users/miroslavjovanovic/Workplace/Projekti/nakitLaravel/vendor/laravel/framework/src/Illuminate/Container/Util.php(40): Illuminate\\Container\\BoundMethod::Illuminate\\Container\\{closure}()
#17 /Users/miroslavjovanovic/Workplace/Projekti/nakitLaravel/vendor/laravel/framework/src/Illuminate/Container/BoundMethod.php(93): Illuminate\\Container\\Util::unwrapIfClosure(Object(Closure))
#18 /Users/miroslavjovanovic/Workplace/Projekti/nakitLaravel/vendor/laravel/framework/src/Illuminate/Container/BoundMethod.php(37): Illuminate\\Container\\BoundMethod::callBoundMethod(Object(Illuminate\\Foundation\\Application), Array, Object(Closure))
#19 /Users/miroslavjovanovic/Workplace/Projekti/nakitLaravel/vendor/laravel/framework/src/Illuminate/Container/Container.php(653): Illuminate\\Container\\BoundMethod::call(Object(Illuminate\\Foundation\\Application), Array, Array, NULL)
#20 /Users/miroslavjovanovic/Workplace/Projekti/nakitLaravel/vendor/laravel/framework/src/Illuminate/Console/Command.php(136): Illuminate\\Container\\Container->call(Array)
#21 /Users/miroslavjovanovic/Workplace/Projekti/nakitLaravel/vendor/symfony/console/Command/Command.php(298): Illuminate\\Console\\Command->execute(Object(Symfony\\Component\\Console\\Input\\ArgvInput), Object(Illuminate\\Console\\OutputStyle))
#22 /Users/miroslavjovanovic/Workplace/Projekti/nakitLaravel/vendor/laravel/framework/src/Illuminate/Console/Command.php(121): Symfony\\Component\\Console\\Command\\Command->run(Object(Symfony\\Component\\Console\\Input\\ArgvInput), Object(Illuminate\\Console\\OutputStyle))
#23 /Users/miroslavjovanovic/Workplace/Projekti/nakitLaravel/vendor/symfony/console/Application.php(1005): Illuminate\\Console\\Command->run(Object(Symfony\\Component\\Console\\Input\\ArgvInput), Object(Symfony\\Component\\Console\\Output\\ConsoleOutput))
#24 /Users/miroslavjovanovic/Workplace/Projekti/nakitLaravel/vendor/symfony/console/Application.php(299): Symfony\\Component\\Console\\Application->doRunCommand(Object(Illuminate\\Database\\Console\\Migrations\\MigrateCommand), Object(Symfony\\Component\\Console\\Input\\ArgvInput), Object(Symfony\\Component\\Console\\Output\\ConsoleOutput))
#25 /Users/miroslavjovanovic/Workplace/Projekti/nakitLaravel/vendor/symfony/console/Application.php(171): Symfony\\Component\\Console\\Application->doRun(Object(Symfony\\Component\\Console\\Input\\ArgvInput), Object(Symfony\\Component\\Console\\Output\\ConsoleOutput))
#26 /Users/miroslavjovanovic/Workplace/Projekti/nakitLaravel/vendor/laravel/framework/src/Illuminate/Console/Application.php(94): Symfony\\Component\\Console\\Application->run(Object(Symfony\\Component\\Console\\Input\\ArgvInput), Object(Symfony\\Component\\Console\\Output\\ConsoleOutput))
#27 /Users/miroslavjovanovic/Workplace/Projekti/nakitLaravel/vendor/laravel/framework/src/Illuminate/Foundation/Console/Kernel.php(129): Illuminate\\Console\\Application->run(Object(Symfony\\Component\\Console\\Input\\ArgvInput), Object(Symfony\\Component\\Console\\Output\\ConsoleOutput))
#28 /Users/miroslavjovanovic/Workplace/Projekti/nakitLaravel/artisan(37): Illuminate\\Foundation\\Console\\Kernel->handle(Object(Symfony\\Component\\Console\\Input\\ArgvInput), Object(Symfony\\Component\\Console\\Output\\ConsoleOutput))
#29 {main}

[previous exception] [object] (PDOException(code: HY000): SQLSTATE[HY000]: General error: 1215 Cannot add foreign key constraint at /Users/miroslavjovanovic/Workplace/Projekti/nakitLaravel/vendor/laravel/framework/src/Illuminate/Database/Connection.php:501)
[stacktrace]
#0 /Users/miroslavjovanovic/Workplace/Projekti/nakitLaravel/vendor/laravel/framework/src/Illuminate/Database/Connection.php(501): PDOStatement->execute()
#1 /Users/miroslavjovanovic/Workplace/Projekti/nakitLaravel/vendor/laravel/framework/src/Illuminate/Database/Connection.php(705): Illuminate\\Database\\Connection->Illuminate\\Database\\{closure}('alter table `na...', Array)
#2 /Users/miroslavjovanovic/Workplace/Projekti/nakitLaravel/vendor/laravel/framework/src/Illuminate/Database/Connection.php(672): Illuminate\\Database\\Connection->runQueryCallback('alter table `na...', Array, Object(Closure))
#3 /Users/miroslavjovanovic/Workplace/Projekti/nakitLaravel/vendor/laravel/framework/src/Illuminate/Database/Connection.php(502): Illuminate\\Database\\Connection->run('alter table `na...', Array, Object(Closure))
#4 /Users/miroslavjovanovic/Workplace/Projekti/nakitLaravel/vendor/laravel/framework/src/Illuminate/Database/Schema/Blueprint.php(109): Illuminate\\Database\\Connection->statement('alter table `na...')
#5 /Users/miroslavjovanovic/Workplace/Projekti/nakitLaravel/vendor/laravel/framework/src/Illuminate/Database/Schema/Builder.php(364): Illuminate\\Database\\Schema\\Blueprint->build(Object(Illuminate\\Database\\MySqlConnection), Object(Illuminate\\Database\\Schema\\Grammars\\MySqlGrammar))
#6 /Users/miroslavjovanovic/Workplace/Projekti/nakitLaravel/vendor/laravel/framework/src/Illuminate/Database/Schema/Builder.php(211): Illuminate\\Database\\Schema\\Builder->build(Object(Illuminate\\Database\\Schema\\Blueprint))
#7 /Users/miroslavjovanovic/Workplace/Projekti/nakitLaravel/vendor/laravel/framework/src/Illuminate/Support/Facades/Facade.php(261): Illuminate\\Database\\Schema\\Builder->table('nakit', Object(Closure))
#8 /Users/miroslavjovanovic/Workplace/Projekti/nakitLaravel/database/migrations/2022_01_21_131504_dodaj_spoljne_kljuceve.php(20): Illuminate\\Support\\Facades\\Facade::__callStatic('table', Array)
#9 /Users/miroslavjovanovic/Workplace/Projekti/nakitLaravel/vendor/laravel/framework/src/Illuminate/Database/Migrations/Migrator.php(394): DodajSpoljneKljuceve->up()
#10 /Users/miroslavjovanovic/Workplace/Projekti/nakitLaravel/vendor/laravel/framework/src/Illuminate/Database/Migrations/Migrator.php(403): Illuminate\\Database\\Migrations\\Migrator->Illuminate\\Database\\Migrations\\{closure}()
#11 /Users/miroslavjovanovic/Workplace/Projekti/nakitLaravel/vendor/laravel/framework/src/Illuminate/Database/Migrations/Migrator.php(202): Illuminate\\Database\\Migrations\\Migrator->runMigration(Object(DodajSpoljneKljuceve), 'up')
#12 /Users/miroslavjovanovic/Workplace/Projekti/nakitLaravel/vendor/laravel/framework/src/Illuminate/Database/Migrations/Migrator.php(167): Illuminate\\Database\\Migrations\\Migrator->runUp('/Users/miroslav...', 2, false)
#13 /Users/miroslavjovanovic/Workplace/Projekti/nakitLaravel/vendor/laravel/framework/src/Illuminate/Database/Migrations/Migrator.php(112): Illuminate\\Database\\Migrations\\Migrator->runPending(Array, Array)
#14 /Users/miroslavjovanovic/Workplace/Projekti/nakitLaravel/vendor/laravel/framework/src/Illuminate/Database/Console/Migrations/MigrateCommand.php(85): Illuminate\\Database\\Migrations\\Migrator->run(Array, Array)
#15 /Users/miroslavjovanovic/Workplace/Projekti/nakitLaravel/vendor/laravel/framework/src/Illuminate/Database/Migrations/Migrator.php(585): Illuminate\\Database\\Console\\Migrations\\MigrateCommand->Illuminate\\Database\\Console\\Migrations\\{closure}()
#16 /Users/miroslavjovanovic/Workplace/Projekti/nakitLaravel/vendor/laravel/framework/src/Illuminate/Database/Console/Migrations/MigrateCommand.php(94): Illuminate\\Database\\Migrations\\Migrator->usingConnection(NULL, Object(Closure))
#17 /Users/miroslavjovanovic/Workplace/Projekti/nakitLaravel/vendor/laravel/framework/src/Illuminate/Container/BoundMethod.php(36): Illuminate\\Database\\Console\\Migrations\\MigrateCommand->handle()
#18 /Users/miroslavjovanovic/Workplace/Projekti/nakitLaravel/vendor/laravel/framework/src/Illuminate/Container/Util.php(40): Illuminate\\Container\\BoundMethod::Illuminate\\Container\\{closure}()
#19 /Users/miroslavjovanovic/Workplace/Projekti/nakitLaravel/vendor/laravel/framework/src/Illuminate/Container/BoundMethod.php(93): Illuminate\\Container\\Util::unwrapIfClosure(Object(Closure))
#20 /Users/miroslavjovanovic/Workplace/Projekti/nakitLaravel/vendor/laravel/framework/src/Illuminate/Container/BoundMethod.php(37): Illuminate\\Container\\BoundMethod::callBoundMethod(Object(Illuminate\\Foundation\\Application), Array, Object(Closure))
#21 /Users/miroslavjovanovic/Workplace/Projekti/nakitLaravel/vendor/laravel/framework/src/Illuminate/Container/Container.php(653): Illuminate\\Container\\BoundMethod::call(Object(Illuminate\\Foundation\\Application), Array, Array, NULL)
#22 /Users/miroslavjovanovic/Workplace/Projekti/nakitLaravel/vendor/laravel/framework/src/Illuminate/Console/Command.php(136): Illuminate\\Container\\Container->call(Array)
#23 /Users/miroslavjovanovic/Workplace/Projekti/nakitLaravel/vendor/symfony/console/Command/Command.php(298): Illuminate\\Console\\Command->execute(Object(Symfony\\Component\\Console\\Input\\ArgvInput), Object(Illuminate\\Console\\OutputStyle))
#24 /Users/miroslavjovanovic/Workplace/Projekti/nakitLaravel/vendor/laravel/framework/src/Illuminate/Console/Command.php(121): Symfony\\Component\\Console\\Command\\Command->run(Object(Symfony\\Component\\Console\\Input\\ArgvInput), Object(Illuminate\\Console\\OutputStyle))
#25 /Users/miroslavjovanovic/Workplace/Projekti/nakitLaravel/vendor/symfony/console/Application.php(1005): Illuminate\\Console\\Command->run(Object(Symfony\\Component\\Console\\Input\\ArgvInput), Object(Symfony\\Component\\Console\\Output\\ConsoleOutput))
#26 /Users/miroslavjovanovic/Workplace/Projekti/nakitLaravel/vendor/symfony/console/Application.php(299): Symfony\\Component\\Console\\Application->doRunCommand(Object(Illuminate\\Database\\Console\\Migrations\\MigrateCommand), Object(Symfony\\Component\\Console\\Input\\ArgvInput), Object(Symfony\\Component\\Console\\Output\\ConsoleOutput))
#27 /Users/miroslavjovanovic/Workplace/Projekti/nakitLaravel/vendor/symfony/console/Application.php(171): Symfony\\Component\\Console\\Application->doRun(Object(Symfony\\Component\\Console\\Input\\ArgvInput), Object(Symfony\\Component\\Console\\Output\\ConsoleOutput))
#28 /Users/miroslavjovanovic/Workplace/Projekti/nakitLaravel/vendor/laravel/framework/src/Illuminate/Console/Application.php(94): Symfony\\Component\\Console\\Application->run(Object(Symfony\\Component\\Console\\Input\\ArgvInput), Object(Symfony\\Component\\Console\\Output\\ConsoleOutput))
#29 /Users/miroslavjovanovic/Workplace/Projekti/nakitLaravel/vendor/laravel/framework/src/Illuminate/Foundation/Console/Kernel.php(129): Illuminate\\Console\\Application->run(Object(Symfony\\Component\\Console\\Input\\ArgvInput), Object(Symfony\\Component\\Console\\Output\\ConsoleOutput))
#30 /Users/miroslavjovanovic/Workplace/Projekti/nakitLaravel/artisan(37): Illuminate\\Foundation\\Console\\Kernel->handle(Object(Symfony\\Component\\Console\\Input\\ArgvInput), Object(Symfony\\Component\\Console\\Output\\ConsoleOutput))
#31 {main}
"} 
[2022-01-21 13:57:45] local.ERROR: SQLSTATE[42S22]: Column not found: 1054 Unknown column 'polSkraceno' in 'field list' (SQL: insert into `pol` (`pol`, `polSkraceno`, `updated_at`, `created_at`) values (muski, M, 2022-01-21 13:57:45, 2022-01-21 13:57:45)) {"exception":"[object] (Illuminate\\Database\\QueryException(code: 42S22): SQLSTATE[42S22]: Column not found: 1054 Unknown column 'polSkraceno' in 'field list' (SQL: insert into `pol` (`pol`, `polSkraceno`, `updated_at`, `created_at`) values (muski, M, 2022-01-21 13:57:45, 2022-01-21 13:57:45)) at /Users/miroslavjovanovic/Workplace/Projekti/nakitLaravel/vendor/laravel/framework/src/Illuminate/Database/Connection.php:712)
[stacktrace]
#0 /Users/miroslavjovanovic/Workplace/Projekti/nakitLaravel/vendor/laravel/framework/src/Illuminate/Database/Connection.php(672): Illuminate\\Database\\Connection->runQueryCallback('insert into `po...', Array, Object(Closure))
#1 /Users/miroslavjovanovic/Workplace/Projekti/nakitLaravel/vendor/laravel/framework/src/Illuminate/Database/Connection.php(502): Illuminate\\Database\\Connection->run('insert into `po...', Array, Object(Closure))
#2 /Users/miroslavjovanovic/Workplace/Projekti/nakitLaravel/vendor/laravel/framework/src/Illuminate/Database/Connection.php(454): Illuminate\\Database\\Connection->statement('insert into `po...', Array)
#3 /Users/miroslavjovanovic/Workplace/Projekti/nakitLaravel/vendor/laravel/framework/src/Illuminate/Database/Query/Processors/Processor.php(32): Illuminate\\Database\\Connection->insert('insert into `po...', Array)
#4 /Users/miroslavjovanovic/Workplace/Projekti/nakitLaravel/vendor/laravel/framework/src/Illuminate/Database/Query/Builder.php(2999): Illuminate\\Database\\Query\\Processors\\Processor->processInsertGetId(Object(Illuminate\\Database\\Query\\Builder), 'insert into `po...', Array, 'id')
#5 /Users/miroslavjovanovic/Workplace/Projekti/nakitLaravel/vendor/laravel/framework/src/Illuminate/Database/Eloquent/Builder.php(1655): Illuminate\\Database\\Query\\Builder->insertGetId(Array, 'id')
#6 /Users/miroslavjovanovic/Workplace/Projekti/nakitLaravel/vendor/laravel/framework/src/Illuminate/Database/Eloquent/Model.php(1188): Illuminate\\Database\\Eloquent\\Builder->__call('insertGetId', Array)
#7 /Users/miroslavjovanovic/Workplace/Projekti/nakitLaravel/vendor/laravel/framework/src/Illuminate/Database/Eloquent/Model.php(1153): Illuminate\\Database\\Eloquent\\Model->insertAndSetId(Object(Illuminate\\Database\\Eloquent\\Builder), Array)
#8 /Users/miroslavjovanovic/Workplace/Projekti/nakitLaravel/vendor/laravel/framework/src/Illuminate/Database/Eloquent/Model.php(994): Illuminate\\Database\\Eloquent\\Model->performInsert(Object(Illuminate\\Database\\Eloquent\\Builder))
#9 /Users/miroslavjovanovic/Workplace/Projekti/nakitLaravel/vendor/laravel/framework/src/Illuminate/Database/Eloquent/Builder.php(894): Illuminate\\Database\\Eloquent\\Model->save()
#10 /Users/miroslavjovanovic/Workplace/Projekti/nakitLaravel/vendor/laravel/framework/src/Illuminate/Support/helpers.php(263): Illuminate\\Database\\Eloquent\\Builder->Illuminate\\Database\\Eloquent\\{closure}(Object(App\\Models\\Pol))
#11 /Users/miroslavjovanovic/Workplace/Projekti/nakitLaravel/vendor/laravel/framework/src/Illuminate/Database/Eloquent/Builder.php(895): tap(Object(App\\Models\\Pol), Object(Closure))
#12 /Users/miroslavjovanovic/Workplace/Projekti/nakitLaravel/vendor/laravel/framework/src/Illuminate/Support/Traits/ForwardsCalls.php(23): Illuminate\\Database\\Eloquent\\Builder->create(Array)
#13 /Users/miroslavjovanovic/Workplace/Projekti/nakitLaravel/vendor/laravel/framework/src/Illuminate/Database/Eloquent/Model.php(2132): Illuminate\\Database\\Eloquent\\Model->forwardCallTo(Object(Illuminate\\Database\\Eloquent\\Builder), 'create', Array)
#14 /Users/miroslavjovanovic/Workplace/Projekti/nakitLaravel/vendor/laravel/framework/src/Illuminate/Database/Eloquent/Model.php(2144): Illuminate\\Database\\Eloquent\\Model->__call('create', Array)
#15 /Users/miroslavjovanovic/Workplace/Projekti/nakitLaravel/database/seeders/PolSeeder.php(18): Illuminate\\Database\\Eloquent\\Model::__callStatic('create', Array)
#16 /Users/miroslavjovanovic/Workplace/Projekti/nakitLaravel/vendor/laravel/framework/src/Illuminate/Container/BoundMethod.php(36): Database\\Seeders\\PolSeeder->run()
#17 /Users/miroslavjovanovic/Workplace/Projekti/nakitLaravel/vendor/laravel/framework/src/Illuminate/Container/Util.php(40): Illuminate\\Container\\BoundMethod::Illuminate\\Container\\{closure}()
#18 /Users/miroslavjovanovic/Workplace/Projekti/nakitLaravel/vendor/laravel/framework/src/Illuminate/Container/BoundMethod.php(93): Illuminate\\Container\\Util::unwrapIfClosure(Object(Closure))
#19 /Users/miroslavjovanovic/Workplace/Projekti/nakitLaravel/vendor/laravel/framework/src/Illuminate/Container/BoundMethod.php(37): Illuminate\\Container\\BoundMethod::callBoundMethod(Object(Illuminate\\Foundation\\Application), Array, Object(Closure))
#20 /Users/miroslavjovanovic/Workplace/Projekti/nakitLaravel/vendor/laravel/framework/src/Illuminate/Container/Container.php(653): Illuminate\\Container\\BoundMethod::call(Object(Illuminate\\Foundation\\Application), Array, Array, NULL)
#21 /Users/miroslavjovanovic/Workplace/Projekti/nakitLaravel/vendor/laravel/framework/src/Illuminate/Database/Seeder.php(149): Illuminate\\Container\\Container->call(Array, Array)
#22 /Users/miroslavjovanovic/Workplace/Projekti/nakitLaravel/vendor/laravel/framework/src/Illuminate/Database/Seeder.php(49): Illuminate\\Database\\Seeder->__invoke(Array)
#23 /Users/miroslavjovanovic/Workplace/Projekti/nakitLaravel/database/seeders/DatabaseSeeder.php(16): Illuminate\\Database\\Seeder->call('Database\\\\Seeder...')
#24 /Users/miroslavjovanovic/Workplace/Projekti/nakitLaravel/vendor/laravel/framework/src/Illuminate/Container/BoundMethod.php(36): Database\\Seeders\\DatabaseSeeder->run()
#25 /Users/miroslavjovanovic/Workplace/Projekti/nakitLaravel/vendor/laravel/framework/src/Illuminate/Container/Util.php(40): Illuminate\\Container\\BoundMethod::Illuminate\\Container\\{closure}()
#26 /Users/miroslavjovanovic/Workplace/Projekti/nakitLaravel/vendor/laravel/framework/src/Illuminate/Container/BoundMethod.php(93): Illuminate\\Container\\Util::unwrapIfClosure(Object(Closure))
#27 /Users/miroslavjovanovic/Workplace/Projekti/nakitLaravel/vendor/laravel/framework/src/Illuminate/Container/BoundMethod.php(37): Illuminate\\Container\\BoundMethod::callBoundMethod(Object(Illuminate\\Foundation\\Application), Array, Object(Closure))
#28 /Users/miroslavjovanovic/Workplace/Projekti/nakitLaravel/vendor/laravel/framework/src/Illuminate/Container/Container.php(653): Illuminate\\Container\\BoundMethod::call(Object(Illuminate\\Foundation\\Application), Array, Array, NULL)
#29 /Users/miroslavjovanovic/Workplace/Projekti/nakitLaravel/vendor/laravel/framework/src/Illuminate/Database/Seeder.php(149): Illuminate\\Container\\Container->call(Array, Array)
#30 /Users/miroslavjovanovic/Workplace/Projekti/nakitLaravel/vendor/laravel/framework/src/Illuminate/Database/Console/Seeds/SeedCommand.php(66): Illuminate\\Database\\Seeder->__invoke()
#31 /Users/miroslavjovanovic/Workplace/Projekti/nakitLaravel/vendor/laravel/framework/src/Illuminate/Database/Eloquent/Concerns/GuardsAttributes.php(157): Illuminate\\Database\\Console\\Seeds\\SeedCommand->Illuminate\\Database\\Console\\Seeds\\{closure}()
#32 /Users/miroslavjovanovic/Workplace/Projekti/nakitLaravel/vendor/laravel/framework/src/Illuminate/Database/Console/Seeds/SeedCommand.php(67): Illuminate\\Database\\Eloquent\\Model::unguarded(Object(Closure))
#33 /Users/miroslavjovanovic/Workplace/Projekti/nakitLaravel/vendor/laravel/framework/src/Illuminate/Container/BoundMethod.php(36): Illuminate\\Database\\Console\\Seeds\\SeedCommand->handle()
#34 /Users/miroslavjovanovic/Workplace/Projekti/nakitLaravel/vendor/laravel/framework/src/Illuminate/Container/Util.php(40): Illuminate\\Container\\BoundMethod::Illuminate\\Container\\{closure}()
#35 /Users/miroslavjovanovic/Workplace/Projekti/nakitLaravel/vendor/laravel/framework/src/Illuminate/Container/BoundMethod.php(93): Illuminate\\Container\\Util::unwrapIfClosure(Object(Closure))
#36 /Users/miroslavjovanovic/Workplace/Projekti/nakitLaravel/vendor/laravel/framework/src/Illuminate/Container/BoundMethod.php(37): Illuminate\\Container\\BoundMethod::callBoundMethod(Object(Illuminate\\Foundation\\Application), Array, Object(Closure))
#37 /Users/miroslavjovanovic/Workplace/Projekti/nakitLaravel/vendor/laravel/framework/src/Illuminate/Container/Container.php(653): Illuminate\\Container\\BoundMethod::call(Object(Illuminate\\Foundation\\Application), Array, Array, NULL)
#38 /Users/miroslavjovanovic/Workplace/Projekti/nakitLaravel/vendor/laravel/framework/src/Illuminate/Console/Command.php(136): Illuminate\\Container\\Container->call(Array)
#39 /Users/miroslavjovanovic/Workplace/Projekti/nakitLaravel/vendor/symfony/console/Command/Command.php(298): Illuminate\\Console\\Command->execute(Object(Symfony\\Component\\Console\\Input\\ArgvInput), Object(Illuminate\\Console\\OutputStyle))
#40 /Users/miroslavjovanovic/Workplace/Projekti/nakitLaravel/vendor/laravel/framework/src/Illuminate/Console/Command.php(121): Symfony\\Component\\Console\\Command\\Command->run(Object(Symfony\\Component\\Console\\Input\\ArgvInput), Object(Illuminate\\Console\\OutputStyle))
#41 /Users/miroslavjovanovic/Workplace/Projekti/nakitLaravel/vendor/symfony/console/Application.php(1005): Illuminate\\Console\\Command->run(Object(Symfony\\Component\\Console\\Input\\ArgvInput), Object(Symfony\\Component\\Console\\Output\\ConsoleOutput))
#42 /Users/miroslavjovanovic/Workplace/Projekti/nakitLaravel/vendor/symfony/console/Application.php(299): Symfony\\Component\\Console\\Application->doRunCommand(Object(Illuminate\\Database\\Console\\Seeds\\SeedCommand), Object(Symfony\\Component\\Console\\Input\\ArgvInput), Object(Symfony\\Component\\Console\\Output\\ConsoleOutput))
#43 /Users/miroslavjovanovic/Workplace/Projekti/nakitLaravel/vendor/symfony/console/Application.php(171): Symfony\\Component\\Console\\Application->doRun(Object(Symfony\\Component\\Console\\Input\\ArgvInput), Object(Symfony\\Component\\Console\\Output\\ConsoleOutput))
#44 /Users/miroslavjovanovic/Workplace/Projekti/nakitLaravel/vendor/laravel/framework/src/Illuminate/Console/Application.php(94): Symfony\\Component\\Console\\Application->run(Object(Symfony\\Component\\Console\\Input\\ArgvInput), Object(Symfony\\Component\\Console\\Output\\ConsoleOutput))
#45 /Users/miroslavjovanovic/Workplace/Projekti/nakitLaravel/vendor/laravel/framework/src/Illuminate/Foundation/Console/Kernel.php(129): Illuminate\\Console\\Application->run(Object(Symfony\\Component\\Console\\Input\\ArgvInput), Object(Symfony\\Component\\Console\\Output\\ConsoleOutput))
#46 /Users/miroslavjovanovic/Workplace/Projekti/nakitLaravel/artisan(37): Illuminate\\Foundation\\Console\\Kernel->handle(Object(Symfony\\Component\\Console\\Input\\ArgvInput), Object(Symfony\\Component\\Console\\Output\\ConsoleOutput))
#47 {main}

[previous exception] [object] (PDOException(code: 42S22): SQLSTATE[42S22]: Column not found: 1054 Unknown column 'polSkraceno' in 'field list' at /Users/miroslavjovanovic/Workplace/Projekti/nakitLaravel/vendor/laravel/framework/src/Illuminate/Database/Connection.php:495)
[stacktrace]
#0 /Users/miroslavjovanovic/Workplace/Projekti/nakitLaravel/vendor/laravel/framework/src/Illuminate/Database/Connection.php(495): PDO->prepare('insert into `po...')
#1 /Users/miroslavjovanovic/Workplace/Projekti/nakitLaravel/vendor/laravel/framework/src/Illuminate/Database/Connection.php(705): Illuminate\\Database\\Connection->Illuminate\\Database\\{closure}('insert into `po...', Array)
#2 /Users/miroslavjovanovic/Workplace/Projekti/nakitLaravel/vendor/laravel/framework/src/Illuminate/Database/Connection.php(672): Illuminate\\Database\\Connection->runQueryCallback('insert into `po...', Array, Object(Closure))
#3 /Users/miroslavjovanovic/Workplace/Projekti/nakitLaravel/vendor/laravel/framework/src/Illuminate/Database/Connection.php(502): Illuminate\\Database\\Connection->run('insert into `po...', Array, Object(Closure))
#4 /Users/miroslavjovanovic/Workplace/Projekti/nakitLaravel/vendor/laravel/framework/src/Illuminate/Database/Connection.php(454): Illuminate\\Database\\Connection->statement('insert into `po...', Array)
#5 /Users/miroslavjovanovic/Workplace/Projekti/nakitLaravel/vendor/laravel/framework/src/Illuminate/Database/Query/Processors/Processor.php(32): Illuminate\\Database\\Connection->insert('insert into `po...', Array)
#6 /Users/miroslavjovanovic/Workplace/Projekti/nakitLaravel/vendor/laravel/framework/src/Illuminate/Database/Query/Builder.php(2999): Illuminate\\Database\\Query\\Processors\\Processor->processInsertGetId(Object(Illuminate\\Database\\Query\\Builder), 'insert into `po...', Array, 'id')
#7 /Users/miroslavjovanovic/Workplace/Projekti/nakitLaravel/vendor/laravel/framework/src/Illuminate/Database/Eloquent/Builder.php(1655): Illuminate\\Database\\Query\\Builder->insertGetId(Array, 'id')
#8 /Users/miroslavjovanovic/Workplace/Projekti/nakitLaravel/vendor/laravel/framework/src/Illuminate/Database/Eloquent/Model.php(1188): Illuminate\\Database\\Eloquent\\Builder->__call('insertGetId', Array)
#9 /Users/miroslavjovanovic/Workplace/Projekti/nakitLaravel/vendor/laravel/framework/src/Illuminate/Database/Eloquent/Model.php(1153): Illuminate\\Database\\Eloquent\\Model->insertAndSetId(Object(Illuminate\\Database\\Eloquent\\Builder), Array)
#10 /Users/miroslavjovanovic/Workplace/Projekti/nakitLaravel/vendor/laravel/framework/src/Illuminate/Database/Eloquent/Model.php(994): Illuminate\\Database\\Eloquent\\Model->performInsert(Object(Illuminate\\Database\\Eloquent\\Builder))
#11 /Users/miroslavjovanovic/Workplace/Projekti/nakitLaravel/vendor/laravel/framework/src/Illuminate/Database/Eloquent/Builder.php(894): Illuminate\\Database\\Eloquent\\Model->save()
#12 /Users/miroslavjovanovic/Workplace/Projekti/nakitLaravel/vendor/laravel/framework/src/Illuminate/Support/helpers.php(263): Illuminate\\Database\\Eloquent\\Builder->Illuminate\\Database\\Eloquent\\{closure}(Object(App\\Models\\Pol))
#13 /Users/miroslavjovanovic/Workplace/Projekti/nakitLaravel/vendor/laravel/framework/src/Illuminate/Database/Eloquent/Builder.php(895): tap(Object(App\\Models\\Pol), Object(Closure))
#14 /Users/miroslavjovanovic/Workplace/Projekti/nakitLaravel/vendor/laravel/framework/src/Illuminate/Support/Traits/ForwardsCalls.php(23): Illuminate\\Database\\Eloquent\\Builder->create(Array)
#15 /Users/miroslavjovanovic/Workplace/Projekti/nakitLaravel/vendor/laravel/framework/src/Illuminate/Database/Eloquent/Model.php(2132): Illuminate\\Database\\Eloquent\\Model->forwardCallTo(Object(Illuminate\\Database\\Eloquent\\Builder), 'create', Array)
#16 /Users/miroslavjovanovic/Workplace/Projekti/nakitLaravel/vendor/laravel/framework/src/Illuminate/Database/Eloquent/Model.php(2144): Illuminate\\Database\\Eloquent\\Model->__call('create', Array)
#17 /Users/miroslavjovanovic/Workplace/Projekti/nakitLaravel/database/seeders/PolSeeder.php(18): Illuminate\\Database\\Eloquent\\Model::__callStatic('create', Array)
#18 /Users/miroslavjovanovic/Workplace/Projekti/nakitLaravel/vendor/laravel/framework/src/Illuminate/Container/BoundMethod.php(36): Database\\Seeders\\PolSeeder->run()
#19 /Users/miroslavjovanovic/Workplace/Projekti/nakitLaravel/vendor/laravel/framework/src/Illuminate/Container/Util.php(40): Illuminate\\Container\\BoundMethod::Illuminate\\Container\\{closure}()
#20 /Users/miroslavjovanovic/Workplace/Projekti/nakitLaravel/vendor/laravel/framework/src/Illuminate/Container/BoundMethod.php(93): Illuminate\\Container\\Util::unwrapIfClosure(Object(Closure))
#21 /Users/miroslavjovanovic/Workplace/Projekti/nakitLaravel/vendor/laravel/framework/src/Illuminate/Container/BoundMethod.php(37): Illuminate\\Container\\BoundMethod::callBoundMethod(Object(Illuminate\\Foundation\\Application), Array, Object(Closure))
#22 /Users/miroslavjovanovic/Workplace/Projekti/nakitLaravel/vendor/laravel/framework/src/Illuminate/Container/Container.php(653): Illuminate\\Container\\BoundMethod::call(Object(Illuminate\\Foundation\\Application), Array, Array, NULL)
#23 /Users/miroslavjovanovic/Workplace/Projekti/nakitLaravel/vendor/laravel/framework/src/Illuminate/Database/Seeder.php(149): Illuminate\\Container\\Container->call(Array, Array)
#24 /Users/miroslavjovanovic/Workplace/Projekti/nakitLaravel/vendor/laravel/framework/src/Illuminate/Database/Seeder.php(49): Illuminate\\Database\\Seeder->__invoke(Array)
#25 /Users/miroslavjovanovic/Workplace/Projekti/nakitLaravel/database/seeders/DatabaseSeeder.php(16): Illuminate\\Database\\Seeder->call('Database\\\\Seeder...')
#26 /Users/miroslavjovanovic/Workplace/Projekti/nakitLaravel/vendor/laravel/framework/src/Illuminate/Container/BoundMethod.php(36): Database\\Seeders\\DatabaseSeeder->run()
#27 /Users/miroslavjovanovic/Workplace/Projekti/nakitLaravel/vendor/laravel/framework/src/Illuminate/Container/Util.php(40): Illuminate\\Container\\BoundMethod::Illuminate\\Container\\{closure}()
#28 /Users/miroslavjovanovic/Workplace/Projekti/nakitLaravel/vendor/laravel/framework/src/Illuminate/Container/BoundMethod.php(93): Illuminate\\Container\\Util::unwrapIfClosure(Object(Closure))
#29 /Users/miroslavjovanovic/Workplace/Projekti/nakitLaravel/vendor/laravel/framework/src/Illuminate/Container/BoundMethod.php(37): Illuminate\\Container\\BoundMethod::callBoundMethod(Object(Illuminate\\Foundation\\Application), Array, Object(Closure))
#30 /Users/miroslavjovanovic/Workplace/Projekti/nakitLaravel/vendor/laravel/framework/src/Illuminate/Container/Container.php(653): Illuminate\\Container\\BoundMethod::call(Object(Illuminate\\Foundation\\Application), Array, Array, NULL)
#31 /Users/miroslavjovanovic/Workplace/Projekti/nakitLaravel/vendor/laravel/framework/src/Illuminate/Database/Seeder.php(149): Illuminate\\Container\\Container->call(Array, Array)
#32 /Users/miroslavjovanovic/Workplace/Projekti/nakitLaravel/vendor/laravel/framework/src/Illuminate/Database/Console/Seeds/SeedCommand.php(66): Illuminate\\Database\\Seeder->__invoke()
#33 /Users/miroslavjovanovic/Workplace/Projekti/nakitLaravel/vendor/laravel/framework/src/Illuminate/Database/Eloquent/Concerns/GuardsAttributes.php(157): Illuminate\\Database\\Console\\Seeds\\SeedCommand->Illuminate\\Database\\Console\\Seeds\\{closure}()
#34 /Users/miroslavjovanovic/Workplace/Projekti/nakitLaravel/vendor/laravel/framework/src/Illuminate/Database/Console/Seeds/SeedCommand.php(67): Illuminate\\Database\\Eloquent\\Model::unguarded(Object(Closure))
#35 /Users/miroslavjovanovic/Workplace/Projekti/nakitLaravel/vendor/laravel/framework/src/Illuminate/Container/BoundMethod.php(36): Illuminate\\Database\\Console\\Seeds\\SeedCommand->handle()
#36 /Users/miroslavjovanovic/Workplace/Projekti/nakitLaravel/vendor/laravel/framework/src/Illuminate/Container/Util.php(40): Illuminate\\Container\\BoundMethod::Illuminate\\Container\\{closure}()
#37 /Users/miroslavjovanovic/Workplace/Projekti/nakitLaravel/vendor/laravel/framework/src/Illuminate/Container/BoundMethod.php(93): Illuminate\\Container\\Util::unwrapIfClosure(Object(Closure))
#38 /Users/miroslavjovanovic/Workplace/Projekti/nakitLaravel/vendor/laravel/framework/src/Illuminate/Container/BoundMethod.php(37): Illuminate\\Container\\BoundMethod::callBoundMethod(Object(Illuminate\\Foundation\\Application), Array, Object(Closure))
#39 /Users/miroslavjovanovic/Workplace/Projekti/nakitLaravel/vendor/laravel/framework/src/Illuminate/Container/Container.php(653): Illuminate\\Container\\BoundMethod::call(Object(Illuminate\\Foundation\\Application), Array, Array, NULL)
#40 /Users/miroslavjovanovic/Workplace/Projekti/nakitLaravel/vendor/laravel/framework/src/Illuminate/Console/Command.php(136): Illuminate\\Container\\Container->call(Array)
#41 /Users/miroslavjovanovic/Workplace/Projekti/nakitLaravel/vendor/symfony/console/Command/Command.php(298): Illuminate\\Console\\Command->execute(Object(Symfony\\Component\\Console\\Input\\ArgvInput), Object(Illuminate\\Console\\OutputStyle))
#42 /Users/miroslavjovanovic/Workplace/Projekti/nakitLaravel/vendor/laravel/framework/src/Illuminate/Console/Command.php(121): Symfony\\Component\\Console\\Command\\Command->run(Object(Symfony\\Component\\Console\\Input\\ArgvInput), Object(Illuminate\\Console\\OutputStyle))
#43 /Users/miroslavjovanovic/Workplace/Projekti/nakitLaravel/vendor/symfony/console/Application.php(1005): Illuminate\\Console\\Command->run(Object(Symfony\\Component\\Console\\Input\\ArgvInput), Object(Symfony\\Component\\Console\\Output\\ConsoleOutput))
#44 /Users/miroslavjovanovic/Workplace/Projekti/nakitLaravel/vendor/symfony/console/Application.php(299): Symfony\\Component\\Console\\Application->doRunCommand(Object(Illuminate\\Database\\Console\\Seeds\\SeedCommand), Object(Symfony\\Component\\Console\\Input\\ArgvInput), Object(Symfony\\Component\\Console\\Output\\ConsoleOutput))
#45 /Users/miroslavjovanovic/Workplace/Projekti/nakitLaravel/vendor/symfony/console/Application.php(171): Symfony\\Component\\Console\\Application->doRun(Object(Symfony\\Component\\Console\\Input\\ArgvInput), Object(Symfony\\Component\\Console\\Output\\ConsoleOutput))
#46 /Users/miroslavjovanovic/Workplace/Projekti/nakitLaravel/vendor/laravel/framework/src/Illuminate/Console/Application.php(94): Symfony\\Component\\Console\\Application->run(Object(Symfony\\Component\\Console\\Input\\ArgvInput), Object(Symfony\\Component\\Console\\Output\\ConsoleOutput))
#47 /Users/miroslavjovanovic/Workplace/Projekti/nakitLaravel/vendor/laravel/framework/src/Illuminate/Foundation/Console/Kernel.php(129): Illuminate\\Console\\Application->run(Object(Symfony\\Component\\Console\\Input\\ArgvInput), Object(Symfony\\Component\\Console\\Output\\ConsoleOutput))
#48 /Users/miroslavjovanovic/Workplace/Projekti/nakitLaravel/artisan(37): Illuminate\\Foundation\\Console\\Kernel->handle(Object(Symfony\\Component\\Console\\Input\\ArgvInput), Object(Symfony\\Component\\Console\\Output\\ConsoleOutput))
#49 {main}
"} 
[2022-01-21 15:09:45] local.ERROR: Command "server" is not defined.

Did you mean one of these?
    make:observer
    serve {"exception":"[object] (Symfony\\Component\\Console\\Exception\\CommandNotFoundException(code: 0): Command \"server\" is not defined.

Did you mean one of these?
    make:observer
    serve at /Users/miroslavjovanovic/Workplace/Projekti/nakitLaravel/vendor/symfony/console/Application.php:709)
[stacktrace]
#0 /Users/miroslavjovanovic/Workplace/Projekti/nakitLaravel/vendor/symfony/console/Application.php(259): Symfony\\Component\\Console\\Application->find('server')
#1 /Users/miroslavjovanovic/Workplace/Projekti/nakitLaravel/vendor/symfony/console/Application.php(171): Symfony\\Component\\Console\\Application->doRun(Object(Symfony\\Component\\Console\\Input\\ArgvInput), Object(Symfony\\Component\\Console\\Output\\ConsoleOutput))
#2 /Users/miroslavjovanovic/Workplace/Projekti/nakitLaravel/vendor/laravel/framework/src/Illuminate/Console/Application.php(94): Symfony\\Component\\Console\\Application->run(Object(Symfony\\Component\\Console\\Input\\ArgvInput), Object(Symfony\\Component\\Console\\Output\\ConsoleOutput))
#3 /Users/miroslavjovanovic/Workplace/Projekti/nakitLaravel/vendor/laravel/framework/src/Illuminate/Foundation/Console/Kernel.php(129): Illuminate\\Console\\Application->run(Object(Symfony\\Component\\Console\\Input\\ArgvInput), Object(Symfony\\Component\\Console\\Output\\ConsoleOutput))
#4 /Users/miroslavjovanovic/Workplace/Projekti/nakitLaravel/artisan(37): Illuminate\\Foundation\\Console\\Kernel->handle(Object(Symfony\\Component\\Console\\Input\\ArgvInput), Object(Symfony\\Component\\Console\\Output\\ConsoleOutput))
#5 {main}
"} 
[2022-01-21 15:10:56] local.ERROR: Class 'App\Http\Controllers\Materijal' not found {"userId":1,"exception":"[object] (Error(code: 0): Class 'App\\Http\\Controllers\\Materijal' not found at /Users/miroslavjovanovic/Workplace/Projekti/nakitLaravel/app/Http/Controllers/NakitController.php:14)
[stacktrace]
#0 /Users/miroslavjovanovic/Workplace/Projekti/nakitLaravel/vendor/laravel/framework/src/Illuminate/Routing/Controller.php(54): App\\Http\\Controllers\\NakitController->index()
#1 /Users/miroslavjovanovic/Workplace/Projekti/nakitLaravel/vendor/laravel/framework/src/Illuminate/Routing/ControllerDispatcher.php(45): Illuminate\\Routing\\Controller->callAction('index', Array)
#2 /Users/miroslavjovanovic/Workplace/Projekti/nakitLaravel/vendor/laravel/framework/src/Illuminate/Routing/Route.php(262): Illuminate\\Routing\\ControllerDispatcher->dispatch(Object(Illuminate\\Routing\\Route), Object(App\\Http\\Controllers\\NakitController), 'index')
#3 /Users/miroslavjovanovic/Workplace/Projekti/nakitLaravel/vendor/laravel/framework/src/Illuminate/Routing/Route.php(205): Illuminate\\Routing\\Route->runController()
#4 /Users/miroslavjovanovic/Workplace/Projekti/nakitLaravel/vendor/laravel/framework/src/Illuminate/Routing/Router.php(721): Illuminate\\Routing\\Route->run()
#5 /Users/miroslavjovanovic/Workplace/Projekti/nakitLaravel/vendor/laravel/framework/src/Illuminate/Pipeline/Pipeline.php(128): Illuminate\\Routing\\Router->Illuminate\\Routing\\{closure}(Object(Illuminate\\Http\\Request))
#6 /Users/miroslavjovanovic/Workplace/Projekti/nakitLaravel/vendor/laravel/framework/src/Illuminate/Routing/Middleware/SubstituteBindings.php(50): Illuminate\\Pipeline\\Pipeline->Illuminate\\Pipeline\\{closure}(Object(Illuminate\\Http\\Request))
#7 /Users/miroslavjovanovic/Workplace/Projekti/nakitLaravel/vendor/laravel/framework/src/Illuminate/Pipeline/Pipeline.php(167): Illuminate\\Routing\\Middleware\\SubstituteBindings->handle(Object(Illuminate\\Http\\Request), Object(Closure))
#8 /Users/miroslavjovanovic/Workplace/Projekti/nakitLaravel/vendor/laravel/framework/src/Illuminate/Routing/Middleware/ThrottleRequests.php(127): Illuminate\\Pipeline\\Pipeline->Illuminate\\Pipeline\\{closure}(Object(Illuminate\\Http\\Request))
#9 /Users/miroslavjovanovic/Workplace/Projekti/nakitLaravel/vendor/laravel/framework/src/Illuminate/Routing/Middleware/ThrottleRequests.php(103): Illuminate\\Routing\\Middleware\\ThrottleRequests->handleRequest(Object(Illuminate\\Http\\Request), Object(Closure), Array)
#10 /Users/miroslavjovanovic/Workplace/Projekti/nakitLaravel/vendor/laravel/framework/src/Illuminate/Routing/Middleware/ThrottleRequests.php(55): Illuminate\\Routing\\Middleware\\ThrottleRequests->handleRequestUsingNamedLimiter(Object(Illuminate\\Http\\Request), Object(Closure), 'api', Object(Closure))
#11 /Users/miroslavjovanovic/Workplace/Projekti/nakitLaravel/vendor/laravel/framework/src/Illuminate/Pipeline/Pipeline.php(167): Illuminate\\Routing\\Middleware\\ThrottleRequests->handle(Object(Illuminate\\Http\\Request), Object(Closure), 'api')
#12 /Users/miroslavjovanovic/Workplace/Projekti/nakitLaravel/vendor/laravel/framework/src/Illuminate/Auth/Middleware/Authenticate.php(44): Illuminate\\Pipeline\\Pipeline->Illuminate\\Pipeline\\{closure}(Object(Illuminate\\Http\\Request))
#13 /Users/miroslavjovanovic/Workplace/Projekti/nakitLaravel/vendor/laravel/framework/src/Illuminate/Pipeline/Pipeline.php(167): Illuminate\\Auth\\Middleware\\Authenticate->handle(Object(Illuminate\\Http\\Request), Object(Closure), 'sanctum')
#14 /Users/miroslavjovanovic/Workplace/Projekti/nakitLaravel/vendor/laravel/sanctum/src/Http/Middleware/EnsureFrontendRequestsAreStateful.php(33): Illuminate\\Pipeline\\Pipeline->Illuminate\\Pipeline\\{closure}(Object(Illuminate\\Http\\Request))
#15 /Users/miroslavjovanovic/Workplace/Projekti/nakitLaravel/vendor/laravel/framework/src/Illuminate/Pipeline/Pipeline.php(128): Laravel\\Sanctum\\Http\\Middleware\\EnsureFrontendRequestsAreStateful->Laravel\\Sanctum\\Http\\Middleware\\{closure}(Object(Illuminate\\Http\\Request))
#16 /Users/miroslavjovanovic/Workplace/Projekti/nakitLaravel/vendor/laravel/framework/src/Illuminate/Pipeline/Pipeline.php(103): Illuminate\\Pipeline\\Pipeline->Illuminate\\Pipeline\\{closure}(Object(Illuminate\\Http\\Request))
#17 /Users/miroslavjovanovic/Workplace/Projekti/nakitLaravel/vendor/laravel/sanctum/src/Http/Middleware/EnsureFrontendRequestsAreStateful.php(34): Illuminate\\Pipeline\\Pipeline->then(Object(Closure))
#18 /Users/miroslavjovanovic/Workplace/Projekti/nakitLaravel/vendor/laravel/framework/src/Illuminate/Pipeline/Pipeline.php(167): Laravel\\Sanctum\\Http\\Middleware\\EnsureFrontendRequestsAreStateful->handle(Object(Illuminate\\Http\\Request), Object(Closure))
#19 /Users/miroslavjovanovic/Workplace/Projekti/nakitLaravel/vendor/laravel/framework/src/Illuminate/Pipeline/Pipeline.php(103): Illuminate\\Pipeline\\Pipeline->Illuminate\\Pipeline\\{closure}(Object(Illuminate\\Http\\Request))
#20 /Users/miroslavjovanovic/Workplace/Projekti/nakitLaravel/vendor/laravel/framework/src/Illuminate/Routing/Router.php(723): Illuminate\\Pipeline\\Pipeline->then(Object(Closure))
#21 /Users/miroslavjovanovic/Workplace/Projekti/nakitLaravel/vendor/laravel/framework/src/Illuminate/Routing/Router.php(698): Illuminate\\Routing\\Router->runRouteWithinStack(Object(Illuminate\\Routing\\Route), Object(Illuminate\\Http\\Request))
#22 /Users/miroslavjovanovic/Workplace/Projekti/nakitLaravel/vendor/laravel/framework/src/Illuminate/Routing/Router.php(662): Illuminate\\Routing\\Router->runRoute(Object(Illuminate\\Http\\Request), Object(Illuminate\\Routing\\Route))
#23 /Users/miroslavjovanovic/Workplace/Projekti/nakitLaravel/vendor/laravel/framework/src/Illuminate/Routing/Router.php(651): Illuminate\\Routing\\Router->dispatchToRoute(Object(Illuminate\\Http\\Request))
#24 /Users/miroslavjovanovic/Workplace/Projekti/nakitLaravel/vendor/laravel/framework/src/Illuminate/Foundation/Http/Kernel.php(167): Illuminate\\Routing\\Router->dispatch(Object(Illuminate\\Http\\Request))
#25 /Users/miroslavjovanovic/Workplace/Projekti/nakitLaravel/vendor/laravel/framework/src/Illuminate/Pipeline/Pipeline.php(128): Illuminate\\Foundation\\Http\\Kernel->Illuminate\\Foundation\\Http\\{closure}(Object(Illuminate\\Http\\Request))
#26 /Users/miroslavjovanovic/Workplace/Projekti/nakitLaravel/vendor/laravel/framework/src/Illuminate/Foundation/Http/Middleware/TransformsRequest.php(21): Illuminate\\Pipeline\\Pipeline->Illuminate\\Pipeline\\{closure}(Object(Illuminate\\Http\\Request))
#27 /Users/miroslavjovanovic/Workplace/Projekti/nakitLaravel/vendor/laravel/framework/src/Illuminate/Foundation/Http/Middleware/ConvertEmptyStringsToNull.php(31): Illuminate\\Foundation\\Http\\Middleware\\TransformsRequest->handle(Object(Illuminate\\Http\\Request), Object(Closure))
#28 /Users/miroslavjovanovic/Workplace/Projekti/nakitLaravel/vendor/laravel/framework/src/Illuminate/Pipeline/Pipeline.php(167): Illuminate\\Foundation\\Http\\Middleware\\ConvertEmptyStringsToNull->handle(Object(Illuminate\\Http\\Request), Object(Closure))
#29 /Users/miroslavjovanovic/Workplace/Projekti/nakitLaravel/vendor/laravel/framework/src/Illuminate/Foundation/Http/Middleware/TransformsRequest.php(21): Illuminate\\Pipeline\\Pipeline->Illuminate\\Pipeline\\{closure}(Object(Illuminate\\Http\\Request))
#30 /Users/miroslavjovanovic/Workplace/Projekti/nakitLaravel/vendor/laravel/framework/src/Illuminate/Foundation/Http/Middleware/TrimStrings.php(40): Illuminate\\Foundation\\Http\\Middleware\\TransformsRequest->handle(Object(Illuminate\\Http\\Request), Object(Closure))
#31 /Users/miroslavjovanovic/Workplace/Projekti/nakitLaravel/vendor/laravel/framework/src/Illuminate/Pipeline/Pipeline.php(167): Illuminate\\Foundation\\Http\\Middleware\\TrimStrings->handle(Object(Illuminate\\Http\\Request), Object(Closure))
#32 /Users/miroslavjovanovic/Workplace/Projekti/nakitLaravel/vendor/laravel/framework/src/Illuminate/Foundation/Http/Middleware/ValidatePostSize.php(27): Illuminate\\Pipeline\\Pipeline->Illuminate\\Pipeline\\{closure}(Object(Illuminate\\Http\\Request))
#33 /Users/miroslavjovanovic/Workplace/Projekti/nakitLaravel/vendor/laravel/framework/src/Illuminate/Pipeline/Pipeline.php(167): Illuminate\\Foundation\\Http\\Middleware\\ValidatePostSize->handle(Object(Illuminate\\Http\\Request), Object(Closure))
#34 /Users/miroslavjovanovic/Workplace/Projekti/nakitLaravel/vendor/laravel/framework/src/Illuminate/Foundation/Http/Middleware/PreventRequestsDuringMaintenance.php(86): Illuminate\\Pipeline\\Pipeline->Illuminate\\Pipeline\\{closure}(Object(Illuminate\\Http\\Request))
#35 /Users/miroslavjovanovic/Workplace/Projekti/nakitLaravel/vendor/laravel/framework/src/Illuminate/Pipeline/Pipeline.php(167): Illuminate\\Foundation\\Http\\Middleware\\PreventRequestsDuringMaintenance->handle(Object(Illuminate\\Http\\Request), Object(Closure))
#36 /Users/miroslavjovanovic/Workplace/Projekti/nakitLaravel/vendor/fruitcake/laravel-cors/src/HandleCors.php(52): Illuminate\\Pipeline\\Pipeline->Illuminate\\Pipeline\\{closure}(Object(Illuminate\\Http\\Request))
#37 /Users/miroslavjovanovic/Workplace/Projekti/nakitLaravel/vendor/laravel/framework/src/Illuminate/Pipeline/Pipeline.php(167): Fruitcake\\Cors\\HandleCors->handle(Object(Illuminate\\Http\\Request), Object(Closure))
#38 /Users/miroslavjovanovic/Workplace/Projekti/nakitLaravel/vendor/laravel/framework/src/Illuminate/Http/Middleware/TrustProxies.php(39): Illuminate\\Pipeline\\Pipeline->Illuminate\\Pipeline\\{closure}(Object(Illuminate\\Http\\Request))
#39 /Users/miroslavjovanovic/Workplace/Projekti/nakitLaravel/vendor/laravel/framework/src/Illuminate/Pipeline/Pipeline.php(167): Illuminate\\Http\\Middleware\\TrustProxies->handle(Object(Illuminate\\Http\\Request), Object(Closure))
#40 /Users/miroslavjovanovic/Workplace/Projekti/nakitLaravel/vendor/laravel/framework/src/Illuminate/Pipeline/Pipeline.php(103): Illuminate\\Pipeline\\Pipeline->Illuminate\\Pipeline\\{closure}(Object(Illuminate\\Http\\Request))
#41 /Users/miroslavjovanovic/Workplace/Projekti/nakitLaravel/vendor/laravel/framework/src/Illuminate/Foundation/Http/Kernel.php(142): Illuminate\\Pipeline\\Pipeline->then(Object(Closure))
#42 /Users/miroslavjovanovic/Workplace/Projekti/nakitLaravel/vendor/laravel/framework/src/Illuminate/Foundation/Http/Kernel.php(111): Illuminate\\Foundation\\Http\\Kernel->sendRequestThroughRouter(Object(Illuminate\\Http\\Request))
#43 /Users/miroslavjovanovic/Workplace/Projekti/nakitLaravel/public/index.php(52): Illuminate\\Foundation\\Http\\Kernel->handle(Object(Illuminate\\Http\\Request))
#44 /Users/miroslavjovanovic/Workplace/Projekti/nakitLaravel/server.php(21): require_once('/Users/miroslav...')
#45 {main}
"} 
[2022-01-22 10:35:24] local.ERROR: SQLSTATE[23000]: Integrity constraint violation: 1062 Duplicate entry 'marija12223@nakitLaravel.com' for key 'users_email_unique' (SQL: insert into `users` (`name`, `email`, `password`, `updated_at`, `created_at`) values (Marija 123, marija12223@nakitLaravel.com, $2y$10$OzkK828HaMpSdisf6.oPVu1ntTxvVTcwYQlbOgswCMFN/jxTv9kJm, 2022-01-22 10:35:24, 2022-01-22 10:35:24)) {"exception":"[object] (Illuminate\\Database\\QueryException(code: 23000): SQLSTATE[23000]: Integrity constraint violation: 1062 Duplicate entry 'marija12223@nakitLaravel.com' for key 'users_email_unique' (SQL: insert into `users` (`name`, `email`, `password`, `updated_at`, `created_at`) values (Marija 123, marija12223@nakitLaravel.com, $2y$10$OzkK828HaMpSdisf6.oPVu1ntTxvVTcwYQlbOgswCMFN/jxTv9kJm, 2022-01-22 10:35:24, 2022-01-22 10:35:24)) at /Users/miroslavjovanovic/Workplace/Projekti/nakitLaravel/vendor/laravel/framework/src/Illuminate/Database/Connection.php:712)
[stacktrace]
#0 /Users/miroslavjovanovic/Workplace/Projekti/nakitLaravel/vendor/laravel/framework/src/Illuminate/Database/Connection.php(672): Illuminate\\Database\\Connection->runQueryCallback('insert into `us...', Array, Object(Closure))
#1 /Users/miroslavjovanovic/Workplace/Projekti/nakitLaravel/vendor/laravel/framework/src/Illuminate/Database/Connection.php(502): Illuminate\\Database\\Connection->run('insert into `us...', Array, Object(Closure))
#2 /Users/miroslavjovanovic/Workplace/Projekti/nakitLaravel/vendor/laravel/framework/src/Illuminate/Database/Connection.php(454): Illuminate\\Database\\Connection->statement('insert into `us...', Array)
#3 /Users/miroslavjovanovic/Workplace/Projekti/nakitLaravel/vendor/laravel/framework/src/Illuminate/Database/Query/Processors/Processor.php(32): Illuminate\\Database\\Connection->insert('insert into `us...', Array)
#4 /Users/miroslavjovanovic/Workplace/Projekti/nakitLaravel/vendor/laravel/framework/src/Illuminate/Database/Query/Builder.php(2999): Illuminate\\Database\\Query\\Processors\\Processor->processInsertGetId(Object(Illuminate\\Database\\Query\\Builder), 'insert into `us...', Array, 'id')
#5 /Users/miroslavjovanovic/Workplace/Projekti/nakitLaravel/vendor/laravel/framework/src/Illuminate/Database/Eloquent/Builder.php(1655): Illuminate\\Database\\Query\\Builder->insertGetId(Array, 'id')
#6 /Users/miroslavjovanovic/Workplace/Projekti/nakitLaravel/vendor/laravel/framework/src/Illuminate/Database/Eloquent/Model.php(1188): Illuminate\\Database\\Eloquent\\Builder->__call('insertGetId', Array)
#7 /Users/miroslavjovanovic/Workplace/Projekti/nakitLaravel/vendor/laravel/framework/src/Illuminate/Database/Eloquent/Model.php(1153): Illuminate\\Database\\Eloquent\\Model->insertAndSetId(Object(Illuminate\\Database\\Eloquent\\Builder), Array)
#8 /Users/miroslavjovanovic/Workplace/Projekti/nakitLaravel/vendor/laravel/framework/src/Illuminate/Database/Eloquent/Model.php(994): Illuminate\\Database\\Eloquent\\Model->performInsert(Object(Illuminate\\Database\\Eloquent\\Builder))
#9 /Users/miroslavjovanovic/Workplace/Projekti/nakitLaravel/vendor/laravel/framework/src/Illuminate/Database/Eloquent/Builder.php(894): Illuminate\\Database\\Eloquent\\Model->save()
#10 /Users/miroslavjovanovic/Workplace/Projekti/nakitLaravel/vendor/laravel/framework/src/Illuminate/Support/helpers.php(263): Illuminate\\Database\\Eloquent\\Builder->Illuminate\\Database\\Eloquent\\{closure}(Object(App\\Models\\User))
#11 /Users/miroslavjovanovic/Workplace/Projekti/nakitLaravel/vendor/laravel/framework/src/Illuminate/Database/Eloquent/Builder.php(895): tap(Object(App\\Models\\User), Object(Closure))
#12 /Users/miroslavjovanovic/Workplace/Projekti/nakitLaravel/vendor/laravel/framework/src/Illuminate/Support/Traits/ForwardsCalls.php(23): Illuminate\\Database\\Eloquent\\Builder->create(Array)
#13 /Users/miroslavjovanovic/Workplace/Projekti/nakitLaravel/vendor/laravel/framework/src/Illuminate/Database/Eloquent/Model.php(2132): Illuminate\\Database\\Eloquent\\Model->forwardCallTo(Object(Illuminate\\Database\\Eloquent\\Builder), 'create', Array)
#14 /Users/miroslavjovanovic/Workplace/Projekti/nakitLaravel/vendor/laravel/framework/src/Illuminate/Database/Eloquent/Model.php(2144): Illuminate\\Database\\Eloquent\\Model->__call('create', Array)
#15 /Users/miroslavjovanovic/Workplace/Projekti/nakitLaravel/app/Http/Controllers/UserController.php(43): Illuminate\\Database\\Eloquent\\Model::__callStatic('create', Array)
#16 /Users/miroslavjovanovic/Workplace/Projekti/nakitLaravel/vendor/laravel/framework/src/Illuminate/Routing/Controller.php(54): App\\Http\\Controllers\\UserController->registujSe(Object(Illuminate\\Http\\Request))
#17 /Users/miroslavjovanovic/Workplace/Projekti/nakitLaravel/vendor/laravel/framework/src/Illuminate/Routing/ControllerDispatcher.php(45): Illuminate\\Routing\\Controller->callAction('registujSe', Array)
#18 /Users/miroslavjovanovic/Workplace/Projekti/nakitLaravel/vendor/laravel/framework/src/Illuminate/Routing/Route.php(262): Illuminate\\Routing\\ControllerDispatcher->dispatch(Object(Illuminate\\Routing\\Route), Object(App\\Http\\Controllers\\UserController), 'registujSe')
#19 /Users/miroslavjovanovic/Workplace/Projekti/nakitLaravel/vendor/laravel/framework/src/Illuminate/Routing/Route.php(205): Illuminate\\Routing\\Route->runController()
#20 /Users/miroslavjovanovic/Workplace/Projekti/nakitLaravel/vendor/laravel/framework/src/Illuminate/Routing/Router.php(721): Illuminate\\Routing\\Route->run()
#21 /Users/miroslavjovanovic/Workplace/Projekti/nakitLaravel/vendor/laravel/framework/src/Illuminate/Pipeline/Pipeline.php(128): Illuminate\\Routing\\Router->Illuminate\\Routing\\{closure}(Object(Illuminate\\Http\\Request))
#22 /Users/miroslavjovanovic/Workplace/Projekti/nakitLaravel/vendor/laravel/framework/src/Illuminate/Routing/Middleware/SubstituteBindings.php(50): Illuminate\\Pipeline\\Pipeline->Illuminate\\Pipeline\\{closure}(Object(Illuminate\\Http\\Request))
#23 /Users/miroslavjovanovic/Workplace/Projekti/nakitLaravel/vendor/laravel/framework/src/Illuminate/Pipeline/Pipeline.php(167): Illuminate\\Routing\\Middleware\\SubstituteBindings->handle(Object(Illuminate\\Http\\Request), Object(Closure))
#24 /Users/miroslavjovanovic/Workplace/Projekti/nakitLaravel/vendor/laravel/framework/src/Illuminate/Routing/Middleware/ThrottleRequests.php(127): Illuminate\\Pipeline\\Pipeline->Illuminate\\Pipeline\\{closure}(Object(Illuminate\\Http\\Request))
#25 /Users/miroslavjovanovic/Workplace/Projekti/nakitLaravel/vendor/laravel/framework/src/Illuminate/Routing/Middleware/ThrottleRequests.php(103): Illuminate\\Routing\\Middleware\\ThrottleRequests->handleRequest(Object(Illuminate\\Http\\Request), Object(Closure), Array)
#26 /Users/miroslavjovanovic/Workplace/Projekti/nakitLaravel/vendor/laravel/framework/src/Illuminate/Routing/Middleware/ThrottleRequests.php(55): Illuminate\\Routing\\Middleware\\ThrottleRequests->handleRequestUsingNamedLimiter(Object(Illuminate\\Http\\Request), Object(Closure), 'api', Object(Closure))
#27 /Users/miroslavjovanovic/Workplace/Projekti/nakitLaravel/vendor/laravel/framework/src/Illuminate/Pipeline/Pipeline.php(167): Illuminate\\Routing\\Middleware\\ThrottleRequests->handle(Object(Illuminate\\Http\\Request), Object(Closure), 'api')
#28 /Users/miroslavjovanovic/Workplace/Projekti/nakitLaravel/vendor/laravel/sanctum/src/Http/Middleware/EnsureFrontendRequestsAreStateful.php(33): Illuminate\\Pipeline\\Pipeline->Illuminate\\Pipeline\\{closure}(Object(Illuminate\\Http\\Request))
#29 /Users/miroslavjovanovic/Workplace/Projekti/nakitLaravel/vendor/laravel/framework/src/Illuminate/Pipeline/Pipeline.php(128): Laravel\\Sanctum\\Http\\Middleware\\EnsureFrontendRequestsAreStateful->Laravel\\Sanctum\\Http\\Middleware\\{closure}(Object(Illuminate\\Http\\Request))
#30 /Users/miroslavjovanovic/Workplace/Projekti/nakitLaravel/vendor/laravel/framework/src/Illuminate/Pipeline/Pipeline.php(103): Illuminate\\Pipeline\\Pipeline->Illuminate\\Pipeline\\{closure}(Object(Illuminate\\Http\\Request))
#31 /Users/miroslavjovanovic/Workplace/Projekti/nakitLaravel/vendor/laravel/sanctum/src/Http/Middleware/EnsureFrontendRequestsAreStateful.php(34): Illuminate\\Pipeline\\Pipeline->then(Object(Closure))
#32 /Users/miroslavjovanovic/Workplace/Projekti/nakitLaravel/vendor/laravel/framework/src/Illuminate/Pipeline/Pipeline.php(167): Laravel\\Sanctum\\Http\\Middleware\\EnsureFrontendRequestsAreStateful->handle(Object(Illuminate\\Http\\Request), Object(Closure))
#33 /Users/miroslavjovanovic/Workplace/Projekti/nakitLaravel/vendor/laravel/framework/src/Illuminate/Pipeline/Pipeline.php(103): Illuminate\\Pipeline\\Pipeline->Illuminate\\Pipeline\\{closure}(Object(Illuminate\\Http\\Request))
#34 /Users/miroslavjovanovic/Workplace/Projekti/nakitLaravel/vendor/laravel/framework/src/Illuminate/Routing/Router.php(723): Illuminate\\Pipeline\\Pipeline->then(Object(Closure))
#35 /Users/miroslavjovanovic/Workplace/Projekti/nakitLaravel/vendor/laravel/framework/src/Illuminate/Routing/Router.php(698): Illuminate\\Routing\\Router->runRouteWithinStack(Object(Illuminate\\Routing\\Route), Object(Illuminate\\Http\\Request))
#36 /Users/miroslavjovanovic/Workplace/Projekti/nakitLaravel/vendor/laravel/framework/src/Illuminate/Routing/Router.php(662): Illuminate\\Routing\\Router->runRoute(Object(Illuminate\\Http\\Request), Object(Illuminate\\Routing\\Route))
#37 /Users/miroslavjovanovic/Workplace/Projekti/nakitLaravel/vendor/laravel/framework/src/Illuminate/Routing/Router.php(651): Illuminate\\Routing\\Router->dispatchToRoute(Object(Illuminate\\Http\\Request))
#38 /Users/miroslavjovanovic/Workplace/Projekti/nakitLaravel/vendor/laravel/framework/src/Illuminate/Foundation/Http/Kernel.php(167): Illuminate\\Routing\\Router->dispatch(Object(Illuminate\\Http\\Request))
#39 /Users/miroslavjovanovic/Workplace/Projekti/nakitLaravel/vendor/laravel/framework/src/Illuminate/Pipeline/Pipeline.php(128): Illuminate\\Foundation\\Http\\Kernel->Illuminate\\Foundation\\Http\\{closure}(Object(Illuminate\\Http\\Request))
#40 /Users/miroslavjovanovic/Workplace/Projekti/nakitLaravel/vendor/laravel/framework/src/Illuminate/Foundation/Http/Middleware/TransformsRequest.php(21): Illuminate\\Pipeline\\Pipeline->Illuminate\\Pipeline\\{closure}(Object(Illuminate\\Http\\Request))
#41 /Users/miroslavjovanovic/Workplace/Projekti/nakitLaravel/vendor/laravel/framework/src/Illuminate/Foundation/Http/Middleware/ConvertEmptyStringsToNull.php(31): Illuminate\\Foundation\\Http\\Middleware\\TransformsRequest->handle(Object(Illuminate\\Http\\Request), Object(Closure))
#42 /Users/miroslavjovanovic/Workplace/Projekti/nakitLaravel/vendor/laravel/framework/src/Illuminate/Pipeline/Pipeline.php(167): Illuminate\\Foundation\\Http\\Middleware\\ConvertEmptyStringsToNull->handle(Object(Illuminate\\Http\\Request), Object(Closure))
#43 /Users/miroslavjovanovic/Workplace/Projekti/nakitLaravel/vendor/laravel/framework/src/Illuminate/Foundation/Http/Middleware/TransformsRequest.php(21): Illuminate\\Pipeline\\Pipeline->Illuminate\\Pipeline\\{closure}(Object(Illuminate\\Http\\Request))
#44 /Users/miroslavjovanovic/Workplace/Projekti/nakitLaravel/vendor/laravel/framework/src/Illuminate/Foundation/Http/Middleware/TrimStrings.php(40): Illuminate\\Foundation\\Http\\Middleware\\TransformsRequest->handle(Object(Illuminate\\Http\\Request), Object(Closure))
#45 /Users/miroslavjovanovic/Workplace/Projekti/nakitLaravel/vendor/laravel/framework/src/Illuminate/Pipeline/Pipeline.php(167): Illuminate\\Foundation\\Http\\Middleware\\TrimStrings->handle(Object(Illuminate\\Http\\Request), Object(Closure))
#46 /Users/miroslavjovanovic/Workplace/Projekti/nakitLaravel/vendor/laravel/framework/src/Illuminate/Foundation/Http/Middleware/ValidatePostSize.php(27): Illuminate\\Pipeline\\Pipeline->Illuminate\\Pipeline\\{closure}(Object(Illuminate\\Http\\Request))
#47 /Users/miroslavjovanovic/Workplace/Projekti/nakitLaravel/vendor/laravel/framework/src/Illuminate/Pipeline/Pipeline.php(167): Illuminate\\Foundation\\Http\\Middleware\\ValidatePostSize->handle(Object(Illuminate\\Http\\Request), Object(Closure))
#48 /Users/miroslavjovanovic/Workplace/Projekti/nakitLaravel/vendor/laravel/framework/src/Illuminate/Foundation/Http/Middleware/PreventRequestsDuringMaintenance.php(86): Illuminate\\Pipeline\\Pipeline->Illuminate\\Pipeline\\{closure}(Object(Illuminate\\Http\\Request))
#49 /Users/miroslavjovanovic/Workplace/Projekti/nakitLaravel/vendor/laravel/framework/src/Illuminate/Pipeline/Pipeline.php(167): Illuminate\\Foundation\\Http\\Middleware\\PreventRequestsDuringMaintenance->handle(Object(Illuminate\\Http\\Request), Object(Closure))
#50 /Users/miroslavjovanovic/Workplace/Projekti/nakitLaravel/vendor/fruitcake/laravel-cors/src/HandleCors.php(52): Illuminate\\Pipeline\\Pipeline->Illuminate\\Pipeline\\{closure}(Object(Illuminate\\Http\\Request))
#51 /Users/miroslavjovanovic/Workplace/Projekti/nakitLaravel/vendor/laravel/framework/src/Illuminate/Pipeline/Pipeline.php(167): Fruitcake\\Cors\\HandleCors->handle(Object(Illuminate\\Http\\Request), Object(Closure))
#52 /Users/miroslavjovanovic/Workplace/Projekti/nakitLaravel/vendor/laravel/framework/src/Illuminate/Http/Middleware/TrustProxies.php(39): Illuminate\\Pipeline\\Pipeline->Illuminate\\Pipeline\\{closure}(Object(Illuminate\\Http\\Request))
#53 /Users/miroslavjovanovic/Workplace/Projekti/nakitLaravel/vendor/laravel/framework/src/Illuminate/Pipeline/Pipeline.php(167): Illuminate\\Http\\Middleware\\TrustProxies->handle(Object(Illuminate\\Http\\Request), Object(Closure))
#54 /Users/miroslavjovanovic/Workplace/Projekti/nakitLaravel/vendor/laravel/framework/src/Illuminate/Pipeline/Pipeline.php(103): Illuminate\\Pipeline\\Pipeline->Illuminate\\Pipeline\\{closure}(Object(Illuminate\\Http\\Request))
#55 /Users/miroslavjovanovic/Workplace/Projekti/nakitLaravel/vendor/laravel/framework/src/Illuminate/Foundation/Http/Kernel.php(142): Illuminate\\Pipeline\\Pipeline->then(Object(Closure))
#56 /Users/miroslavjovanovic/Workplace/Projekti/nakitLaravel/vendor/laravel/framework/src/Illuminate/Foundation/Http/Kernel.php(111): Illuminate\\Foundation\\Http\\Kernel->sendRequestThroughRouter(Object(Illuminate\\Http\\Request))
#57 /Users/miroslavjovanovic/Workplace/Projekti/nakitLaravel/public/index.php(52): Illuminate\\Foundation\\Http\\Kernel->handle(Object(Illuminate\\Http\\Request))
#58 /Users/miroslavjovanovic/Workplace/Projekti/nakitLaravel/server.php(21): require_once('/Users/miroslav...')
#59 {main}

[previous exception] [object] (PDOException(code: 23000): SQLSTATE[23000]: Integrity constraint violation: 1062 Duplicate entry 'marija12223@nakitLaravel.com' for key 'users_email_unique' at /Users/miroslavjovanovic/Workplace/Projekti/nakitLaravel/vendor/laravel/framework/src/Illuminate/Database/Connection.php:501)
[stacktrace]
#0 /Users/miroslavjovanovic/Workplace/Projekti/nakitLaravel/vendor/laravel/framework/src/Illuminate/Database/Connection.php(501): PDOStatement->execute()
#1 /Users/miroslavjovanovic/Workplace/Projekti/nakitLaravel/vendor/laravel/framework/src/Illuminate/Database/Connection.php(705): Illuminate\\Database\\Connection->Illuminate\\Database\\{closure}('insert into `us...', Array)
#2 /Users/miroslavjovanovic/Workplace/Projekti/nakitLaravel/vendor/laravel/framework/src/Illuminate/Database/Connection.php(672): Illuminate\\Database\\Connection->runQueryCallback('insert into `us...', Array, Object(Closure))
#3 /Users/miroslavjovanovic/Workplace/Projekti/nakitLaravel/vendor/laravel/framework/src/Illuminate/Database/Connection.php(502): Illuminate\\Database\\Connection->run('insert into `us...', Array, Object(Closure))
#4 /Users/miroslavjovanovic/Workplace/Projekti/nakitLaravel/vendor/laravel/framework/src/Illuminate/Database/Connection.php(454): Illuminate\\Database\\Connection->statement('insert into `us...', Array)
#5 /Users/miroslavjovanovic/Workplace/Projekti/nakitLaravel/vendor/laravel/framework/src/Illuminate/Database/Query/Processors/Processor.php(32): Illuminate\\Database\\Connection->insert('insert into `us...', Array)
#6 /Users/miroslavjovanovic/Workplace/Projekti/nakitLaravel/vendor/laravel/framework/src/Illuminate/Database/Query/Builder.php(2999): Illuminate\\Database\\Query\\Processors\\Processor->processInsertGetId(Object(Illuminate\\Database\\Query\\Builder), 'insert into `us...', Array, 'id')
#7 /Users/miroslavjovanovic/Workplace/Projekti/nakitLaravel/vendor/laravel/framework/src/Illuminate/Database/Eloquent/Builder.php(1655): Illuminate\\Database\\Query\\Builder->insertGetId(Array, 'id')
#8 /Users/miroslavjovanovic/Workplace/Projekti/nakitLaravel/vendor/laravel/framework/src/Illuminate/Database/Eloquent/Model.php(1188): Illuminate\\Database\\Eloquent\\Builder->__call('insertGetId', Array)
#9 /Users/miroslavjovanovic/Workplace/Projekti/nakitLaravel/vendor/laravel/framework/src/Illuminate/Database/Eloquent/Model.php(1153): Illuminate\\Database\\Eloquent\\Model->insertAndSetId(Object(Illuminate\\Database\\Eloquent\\Builder), Array)
#10 /Users/miroslavjovanovic/Workplace/Projekti/nakitLaravel/vendor/laravel/framework/src/Illuminate/Database/Eloquent/Model.php(994): Illuminate\\Database\\Eloquent\\Model->performInsert(Object(Illuminate\\Database\\Eloquent\\Builder))
#11 /Users/miroslavjovanovic/Workplace/Projekti/nakitLaravel/vendor/laravel/framework/src/Illuminate/Database/Eloquent/Builder.php(894): Illuminate\\Database\\Eloquent\\Model->save()
#12 /Users/miroslavjovanovic/Workplace/Projekti/nakitLaravel/vendor/laravel/framework/src/Illuminate/Support/helpers.php(263): Illuminate\\Database\\Eloquent\\Builder->Illuminate\\Database\\Eloquent\\{closure}(Object(App\\Models\\User))
#13 /Users/miroslavjovanovic/Workplace/Projekti/nakitLaravel/vendor/laravel/framework/src/Illuminate/Database/Eloquent/Builder.php(895): tap(Object(App\\Models\\User), Object(Closure))
#14 /Users/miroslavjovanovic/Workplace/Projekti/nakitLaravel/vendor/laravel/framework/src/Illuminate/Support/Traits/ForwardsCalls.php(23): Illuminate\\Database\\Eloquent\\Builder->create(Array)
#15 /Users/miroslavjovanovic/Workplace/Projekti/nakitLaravel/vendor/laravel/framework/src/Illuminate/Database/Eloquent/Model.php(2132): Illuminate\\Database\\Eloquent\\Model->forwardCallTo(Object(Illuminate\\Database\\Eloquent\\Builder), 'create', Array)
#16 /Users/miroslavjovanovic/Workplace/Projekti/nakitLaravel/vendor/laravel/framework/src/Illuminate/Database/Eloquent/Model.php(2144): Illuminate\\Database\\Eloquent\\Model->__call('create', Array)
#17 /Users/miroslavjovanovic/Workplace/Projekti/nakitLaravel/app/Http/Controllers/UserController.php(43): Illuminate\\Database\\Eloquent\\Model::__callStatic('create', Array)
#18 /Users/miroslavjovanovic/Workplace/Projekti/nakitLaravel/vendor/laravel/framework/src/Illuminate/Routing/Controller.php(54): App\\Http\\Controllers\\UserController->registujSe(Object(Illuminate\\Http\\Request))
#19 /Users/miroslavjovanovic/Workplace/Projekti/nakitLaravel/vendor/laravel/framework/src/Illuminate/Routing/ControllerDispatcher.php(45): Illuminate\\Routing\\Controller->callAction('registujSe', Array)
#20 /Users/miroslavjovanovic/Workplace/Projekti/nakitLaravel/vendor/laravel/framework/src/Illuminate/Routing/Route.php(262): Illuminate\\Routing\\ControllerDispatcher->dispatch(Object(Illuminate\\Routing\\Route), Object(App\\Http\\Controllers\\UserController), 'registujSe')
#21 /Users/miroslavjovanovic/Workplace/Projekti/nakitLaravel/vendor/laravel/framework/src/Illuminate/Routing/Route.php(205): Illuminate\\Routing\\Route->runController()
#22 /Users/miroslavjovanovic/Workplace/Projekti/nakitLaravel/vendor/laravel/framework/src/Illuminate/Routing/Router.php(721): Illuminate\\Routing\\Route->run()
#23 /Users/miroslavjovanovic/Workplace/Projekti/nakitLaravel/vendor/laravel/framework/src/Illuminate/Pipeline/Pipeline.php(128): Illuminate\\Routing\\Router->Illuminate\\Routing\\{closure}(Object(Illuminate\\Http\\Request))
#24 /Users/miroslavjovanovic/Workplace/Projekti/nakitLaravel/vendor/laravel/framework/src/Illuminate/Routing/Middleware/SubstituteBindings.php(50): Illuminate\\Pipeline\\Pipeline->Illuminate\\Pipeline\\{closure}(Object(Illuminate\\Http\\Request))
#25 /Users/miroslavjovanovic/Workplace/Projekti/nakitLaravel/vendor/laravel/framework/src/Illuminate/Pipeline/Pipeline.php(167): Illuminate\\Routing\\Middleware\\SubstituteBindings->handle(Object(Illuminate\\Http\\Request), Object(Closure))
#26 /Users/miroslavjovanovic/Workplace/Projekti/nakitLaravel/vendor/laravel/framework/src/Illuminate/Routing/Middleware/ThrottleRequests.php(127): Illuminate\\Pipeline\\Pipeline->Illuminate\\Pipeline\\{closure}(Object(Illuminate\\Http\\Request))
#27 /Users/miroslavjovanovic/Workplace/Projekti/nakitLaravel/vendor/laravel/framework/src/Illuminate/Routing/Middleware/ThrottleRequests.php(103): Illuminate\\Routing\\Middleware\\ThrottleRequests->handleRequest(Object(Illuminate\\Http\\Request), Object(Closure), Array)
#28 /Users/miroslavjovanovic/Workplace/Projekti/nakitLaravel/vendor/laravel/framework/src/Illuminate/Routing/Middleware/ThrottleRequests.php(55): Illuminate\\Routing\\Middleware\\ThrottleRequests->handleRequestUsingNamedLimiter(Object(Illuminate\\Http\\Request), Object(Closure), 'api', Object(Closure))
#29 /Users/miroslavjovanovic/Workplace/Projekti/nakitLaravel/vendor/laravel/framework/src/Illuminate/Pipeline/Pipeline.php(167): Illuminate\\Routing\\Middleware\\ThrottleRequests->handle(Object(Illuminate\\Http\\Request), Object(Closure), 'api')
#30 /Users/miroslavjovanovic/Workplace/Projekti/nakitLaravel/vendor/laravel/sanctum/src/Http/Middleware/EnsureFrontendRequestsAreStateful.php(33): Illuminate\\Pipeline\\Pipeline->Illuminate\\Pipeline\\{closure}(Object(Illuminate\\Http\\Request))
#31 /Users/miroslavjovanovic/Workplace/Projekti/nakitLaravel/vendor/laravel/framework/src/Illuminate/Pipeline/Pipeline.php(128): Laravel\\Sanctum\\Http\\Middleware\\EnsureFrontendRequestsAreStateful->Laravel\\Sanctum\\Http\\Middleware\\{closure}(Object(Illuminate\\Http\\Request))
#32 /Users/miroslavjovanovic/Workplace/Projekti/nakitLaravel/vendor/laravel/framework/src/Illuminate/Pipeline/Pipeline.php(103): Illuminate\\Pipeline\\Pipeline->Illuminate\\Pipeline\\{closure}(Object(Illuminate\\Http\\Request))
#33 /Users/miroslavjovanovic/Workplace/Projekti/nakitLaravel/vendor/laravel/sanctum/src/Http/Middleware/EnsureFrontendRequestsAreStateful.php(34): Illuminate\\Pipeline\\Pipeline->then(Object(Closure))
#34 /Users/miroslavjovanovic/Workplace/Projekti/nakitLaravel/vendor/laravel/framework/src/Illuminate/Pipeline/Pipeline.php(167): Laravel\\Sanctum\\Http\\Middleware\\EnsureFrontendRequestsAreStateful->handle(Object(Illuminate\\Http\\Request), Object(Closure))
#35 /Users/miroslavjovanovic/Workplace/Projekti/nakitLaravel/vendor/laravel/framework/src/Illuminate/Pipeline/Pipeline.php(103): Illuminate\\Pipeline\\Pipeline->Illuminate\\Pipeline\\{closure}(Object(Illuminate\\Http\\Request))
#36 /Users/miroslavjovanovic/Workplace/Projekti/nakitLaravel/vendor/laravel/framework/src/Illuminate/Routing/Router.php(723): Illuminate\\Pipeline\\Pipeline->then(Object(Closure))
#37 /Users/miroslavjovanovic/Workplace/Projekti/nakitLaravel/vendor/laravel/framework/src/Illuminate/Routing/Router.php(698): Illuminate\\Routing\\Router->runRouteWithinStack(Object(Illuminate\\Routing\\Route), Object(Illuminate\\Http\\Request))
#38 /Users/miroslavjovanovic/Workplace/Projekti/nakitLaravel/vendor/laravel/framework/src/Illuminate/Routing/Router.php(662): Illuminate\\Routing\\Router->runRoute(Object(Illuminate\\Http\\Request), Object(Illuminate\\Routing\\Route))
#39 /Users/miroslavjovanovic/Workplace/Projekti/nakitLaravel/vendor/laravel/framework/src/Illuminate/Routing/Router.php(651): Illuminate\\Routing\\Router->dispatchToRoute(Object(Illuminate\\Http\\Request))
#40 /Users/miroslavjovanovic/Workplace/Projekti/nakitLaravel/vendor/laravel/framework/src/Illuminate/Foundation/Http/Kernel.php(167): Illuminate\\Routing\\Router->dispatch(Object(Illuminate\\Http\\Request))
#41 /Users/miroslavjovanovic/Workplace/Projekti/nakitLaravel/vendor/laravel/framework/src/Illuminate/Pipeline/Pipeline.php(128): Illuminate\\Foundation\\Http\\Kernel->Illuminate\\Foundation\\Http\\{closure}(Object(Illuminate\\Http\\Request))
#42 /Users/miroslavjovanovic/Workplace/Projekti/nakitLaravel/vendor/laravel/framework/src/Illuminate/Foundation/Http/Middleware/TransformsRequest.php(21): Illuminate\\Pipeline\\Pipeline->Illuminate\\Pipeline\\{closure}(Object(Illuminate\\Http\\Request))
#43 /Users/miroslavjovanovic/Workplace/Projekti/nakitLaravel/vendor/laravel/framework/src/Illuminate/Foundation/Http/Middleware/ConvertEmptyStringsToNull.php(31): Illuminate\\Foundation\\Http\\Middleware\\TransformsRequest->handle(Object(Illuminate\\Http\\Request), Object(Closure))
#44 /Users/miroslavjovanovic/Workplace/Projekti/nakitLaravel/vendor/laravel/framework/src/Illuminate/Pipeline/Pipeline.php(167): Illuminate\\Foundation\\Http\\Middleware\\ConvertEmptyStringsToNull->handle(Object(Illuminate\\Http\\Request), Object(Closure))
#45 /Users/miroslavjovanovic/Workplace/Projekti/nakitLaravel/vendor/laravel/framework/src/Illuminate/Foundation/Http/Middleware/TransformsRequest.php(21): Illuminate\\Pipeline\\Pipeline->Illuminate\\Pipeline\\{closure}(Object(Illuminate\\Http\\Request))
#46 /Users/miroslavjovanovic/Workplace/Projekti/nakitLaravel/vendor/laravel/framework/src/Illuminate/Foundation/Http/Middleware/TrimStrings.php(40): Illuminate\\Foundation\\Http\\Middleware\\TransformsRequest->handle(Object(Illuminate\\Http\\Request), Object(Closure))
#47 /Users/miroslavjovanovic/Workplace/Projekti/nakitLaravel/vendor/laravel/framework/src/Illuminate/Pipeline/Pipeline.php(167): Illuminate\\Foundation\\Http\\Middleware\\TrimStrings->handle(Object(Illuminate\\Http\\Request), Object(Closure))
#48 /Users/miroslavjovanovic/Workplace/Projekti/nakitLaravel/vendor/laravel/framework/src/Illuminate/Foundation/Http/Middleware/ValidatePostSize.php(27): Illuminate\\Pipeline\\Pipeline->Illuminate\\Pipeline\\{closure}(Object(Illuminate\\Http\\Request))
#49 /Users/miroslavjovanovic/Workplace/Projekti/nakitLaravel/vendor/laravel/framework/src/Illuminate/Pipeline/Pipeline.php(167): Illuminate\\Foundation\\Http\\Middleware\\ValidatePostSize->handle(Object(Illuminate\\Http\\Request), Object(Closure))
#50 /Users/miroslavjovanovic/Workplace/Projekti/nakitLaravel/vendor/laravel/framework/src/Illuminate/Foundation/Http/Middleware/PreventRequestsDuringMaintenance.php(86): Illuminate\\Pipeline\\Pipeline->Illuminate\\Pipeline\\{closure}(Object(Illuminate\\Http\\Request))
#51 /Users/miroslavjovanovic/Workplace/Projekti/nakitLaravel/vendor/laravel/framework/src/Illuminate/Pipeline/Pipeline.php(167): Illuminate\\Foundation\\Http\\Middleware\\PreventRequestsDuringMaintenance->handle(Object(Illuminate\\Http\\Request), Object(Closure))
#52 /Users/miroslavjovanovic/Workplace/Projekti/nakitLaravel/vendor/fruitcake/laravel-cors/src/HandleCors.php(52): Illuminate\\Pipeline\\Pipeline->Illuminate\\Pipeline\\{closure}(Object(Illuminate\\Http\\Request))
#53 /Users/miroslavjovanovic/Workplace/Projekti/nakitLaravel/vendor/laravel/framework/src/Illuminate/Pipeline/Pipeline.php(167): Fruitcake\\Cors\\HandleCors->handle(Object(Illuminate\\Http\\Request), Object(Closure))
#54 /Users/miroslavjovanovic/Workplace/Projekti/nakitLaravel/vendor/laravel/framework/src/Illuminate/Http/Middleware/TrustProxies.php(39): Illuminate\\Pipeline\\Pipeline->Illuminate\\Pipeline\\{closure}(Object(Illuminate\\Http\\Request))
#55 /Users/miroslavjovanovic/Workplace/Projekti/nakitLaravel/vendor/laravel/framework/src/Illuminate/Pipeline/Pipeline.php(167): Illuminate\\Http\\Middleware\\TrustProxies->handle(Object(Illuminate\\Http\\Request), Object(Closure))
#56 /Users/miroslavjovanovic/Workplace/Projekti/nakitLaravel/vendor/laravel/framework/src/Illuminate/Pipeline/Pipeline.php(103): Illuminate\\Pipeline\\Pipeline->Illuminate\\Pipeline\\{closure}(Object(Illuminate\\Http\\Request))
#57 /Users/miroslavjovanovic/Workplace/Projekti/nakitLaravel/vendor/laravel/framework/src/Illuminate/Foundation/Http/Kernel.php(142): Illuminate\\Pipeline\\Pipeline->then(Object(Closure))
#58 /Users/miroslavjovanovic/Workplace/Projekti/nakitLaravel/vendor/laravel/framework/src/Illuminate/Foundation/Http/Kernel.php(111): Illuminate\\Foundation\\Http\\Kernel->sendRequestThroughRouter(Object(Illuminate\\Http\\Request))
#59 /Users/miroslavjovanovic/Workplace/Projekti/nakitLaravel/public/index.php(52): Illuminate\\Foundation\\Http\\Kernel->handle(Object(Illuminate\\Http\\Request))
#60 /Users/miroslavjovanovic/Workplace/Projekti/nakitLaravel/server.php(21): require_once('/Users/miroslav...')
#61 {main}
"} 
